--------- beginning of main
04-28 00:10:07.506 W/System.err( 5983): SLF4J: Failed to load class "org.slf4j.impl.StaticLoggerBinder".
04-28 00:10:07.506 W/System.err( 5983): SLF4J: Defaulting to no-operation (NOP) logger implementation
04-28 00:10:07.506 W/System.err( 5983): SLF4J: See http://www.slf4j.org/codes.html#StaticLoggerBinder for further details.
04-28 00:10:11.550 W/System.err( 6075): DepthSortDiag FRAME START itemCount=18
04-28 00:10:11.551 W/System.err( 6075): DepthSortDiag pair: A.idx=1 A.first3=(6.0,0.0,0.1);(7.0,0.0,0.1);(7.0,0.0,1.1) B.idx=0 B.first3=(-1.0,-1.0,0.1);(9.0,-1.0,0.1);(9.0,5.0,0.1) intersects=true edge=none cmpPath=0
04-28 00:10:11.552 W/System.err( 6075): DepthSortDiag pair: A.idx=2 A.first3=(6.0,0.0,0.1);(6.0,0.0,1.1);(6.0,1.0,1.1) B.idx=0 B.first3=(-1.0,-1.0,0.1);(9.0,-1.0,0.1);(9.0,5.0,0.1) intersects=true edge=none cmpPath=0
04-28 00:10:11.552 W/System.err( 6075): DepthSortDiag pair: A.idx=3 A.first3=(6.0,0.0,1.1);(7.0,0.0,1.1);(7.0,1.0,1.1) B.idx=0 B.first3=(-1.0,-1.0,0.1);(9.0,-1.0,0.1);(9.0,5.0,0.1) intersects=true edge=i->j cmpPath=-1
04-28 00:10:11.552 W/System.err( 6075): DepthSortDiag pair: A.idx=2 A.first3=(6.0,0.0,0.1);(6.0,0.0,1.1);(6.0,1.0,1.1) B.idx=1 B.first3=(6.0,0.0,0.1);(7.0,0.0,0.1);(7.0,0.0,1.1) intersects=false edge=none cmpPath=0
04-28 00:10:11.552 W/System.err( 6075): DepthSortDiag pair: A.idx=3 A.first3=(6.0,0.0,1.1);(7.0,0.0,1.1);(7.0,1.0,1.1) B.idx=1 B.first3=(6.0,0.0,0.1);(7.0,0.0,0.1);(7.0,0.0,1.1) intersects=false edge=none cmpPath=0
04-28 00:10:11.552 W/System.err( 6075): DepthSortDiag pair: A.idx=3 A.first3=(6.0,0.0,1.1);(7.0,0.0,1.1);(7.0,1.0,1.1) B.idx=2 B.first3=(6.0,0.0,0.1);(6.0,0.0,1.1);(6.0,1.0,1.1) intersects=false edge=none cmpPath=0
04-28 00:10:11.553 W/System.err( 6075): DepthSortDiag pair: A.idx=7 A.first3=(-1.0,-1.0,0.0);(9.0,-1.0,0.0);(9.0,-1.0,0.1) B.idx=0 B.first3=(-1.0,-1.0,0.1);(9.0,-1.0,0.1);(9.0,5.0,0.1) intersects=false edge=none cmpPath=0
04-28 00:10:11.553 W/System.err( 6075): DepthSortDiag pair: A.idx=6 A.first3=(4.5,0.0,1.1);(5.5,0.0,1.1);(5.5,1.0,1.1) B.idx=0 B.first3=(-1.0,-1.0,0.1);(9.0,-1.0,0.1);(9.0,5.0,0.1) intersects=true edge=i->j cmpPath=-1
04-28 00:10:11.553 W/System.err( 6075): DepthSortDiag pair: A.idx=6 A.first3=(4.5,0.0,1.1);(5.5,0.0,1.1);(5.5,1.0,1.1) B.idx=2 B.first3=(6.0,0.0,0.1);(6.0,0.0,1.1);(6.0,1.0,1.1) intersects=true edge=i->j cmpPath=-1
04-28 00:10:11.553 W/System.err( 6075): DepthSortDiag pair: A.idx=6 A.first3=(4.5,0.0,1.1);(5.5,0.0,1.1);(5.5,1.0,1.1) B.idx=3 B.first3=(6.0,0.0,1.1);(7.0,0.0,1.1);(7.0,1.0,1.1) intersects=false edge=none cmpPath=0
04-28 00:10:11.554 W/System.err( 6075): DepthSortDiag pair: A.idx=4 A.first3=(4.5,0.0,0.1);(5.5,0.0,0.1);(5.5,0.0,1.1) B.idx=0 B.first3=(-1.0,-1.0,0.1);(9.0,-1.0,0.1);(9.0,5.0,0.1) intersects=true edge=none cmpPath=0
04-28 00:10:11.554 W/System.err( 6075): DepthSortDiag pair: A.idx=5 A.first3=(4.5,0.0,0.1);(4.5,0.0,1.1);(4.5,1.0,1.1) B.idx=0 B.first3=(-1.0,-1.0,0.1);(9.0,-1.0,0.1);(9.0,5.0,0.1) intersects=true edge=none cmpPath=0
04-28 00:10:11.554 W/System.err( 6075): DepthSortDiag pair: A.idx=4 A.first3=(4.5,0.0,0.1);(5.5,0.0,0.1);(5.5,0.0,1.1) B.idx=2 B.first3=(6.0,0.0,0.1);(6.0,0.0,1.1);(6.0,1.0,1.1) intersects=true edge=i->j cmpPath=-1
04-28 00:10:11.554 W/System.err( 6075): DepthSortDiag pair: A.idx=5 A.first3=(4.5,0.0,0.1);(4.5,0.0,1.1);(4.5,1.0,1.1) B.idx=2 B.first3=(6.0,0.0,0.1);(6.0,0.0,1.1);(6.0,1.0,1.1) intersects=false edge=none cmpPath=0
04-28 00:10:11.554 W/System.err( 6075): DepthSortDiag pair: A.idx=7 A.first3=(-1.0,-1.0,0.0);(9.0,-1.0,0.0);(9.0,-1.0,0.1) B.idx=2 B.first3=(6.0,0.0,0.1);(6.0,0.0,1.1);(6.0,1.0,1.1) intersects=false edge=none cmpPath=0
04-28 00:10:11.555 W/System.err( 6075): DepthSortDiag pair: A.idx=4 A.first3=(4.5,0.0,0.1);(5.5,0.0,0.1);(5.5,0.0,1.1) B.idx=3 B.first3=(6.0,0.0,1.1);(7.0,0.0,1.1);(7.0,1.0,1.1) intersects=false edge=none cmpPath=0
04-28 00:10:11.555 W/System.err( 6075): DepthSortDiag pair: A.idx=5 A.first3=(4.5,0.0,0.1);(4.5,0.0,1.1);(4.5,1.0,1.1) B.idx=3 B.first3=(6.0,0.0,1.1);(7.0,0.0,1.1);(7.0,1.0,1.1) intersects=false edge=none cmpPath=0
04-28 00:10:11.555 W/System.err( 6075): DepthSortDiag pair: A.idx=7 A.first3=(-1.0,-1.0,0.0);(9.0,-1.0,0.0);(9.0,-1.0,0.1) B.idx=3 B.first3=(6.0,0.0,1.1);(7.0,0.0,1.1);(7.0,1.0,1.1) intersects=false edge=none cmpPath=0
04-28 00:10:11.555 W/System.err( 6075): DepthSortDiag pair: A.idx=5 A.first3=(4.5,0.0,0.1);(4.5,0.0,1.1);(4.5,1.0,1.1) B.idx=4 B.first3=(4.5,0.0,0.1);(5.5,0.0,0.1);(5.5,0.0,1.1) intersects=false edge=none cmpPath=0
04-28 00:10:11.555 W/System.err( 6075): DepthSortDiag pair: A.idx=6 A.first3=(4.5,0.0,1.1);(5.5,0.0,1.1);(5.5,1.0,1.1) B.idx=4 B.first3=(4.5,0.0,0.1);(5.5,0.0,0.1);(5.5,0.0,1.1) intersects=false edge=none cmpPath=0
04-28 00:10:11.555 W/System.err( 6075): DepthSortDiag pair: A.idx=7 A.first3=(-1.0,-1.0,0.0);(9.0,-1.0,0.0);(9.0,-1.0,0.1) B.idx=4 B.first3=(4.5,0.0,0.1);(5.5,0.0,0.1);(5.5,0.0,1.1) intersects=false edge=none cmpPath=0
04-28 00:10:11.556 W/System.err( 6075): DepthSortDiag pair: A.idx=6 A.first3=(4.5,0.0,1.1);(5.5,0.0,1.1);(5.5,1.0,1.1) B.idx=5 B.first3=(4.5,0.0,0.1);(4.5,0.0,1.1);(4.5,1.0,1.1) intersects=false edge=none cmpPath=0
04-28 00:10:11.556 W/System.err( 6075): DepthSortDiag pair: A.idx=7 A.first3=(-1.0,-1.0,0.0);(9.0,-1.0,0.0);(9.0,-1.0,0.1) B.idx=5 B.first3=(4.5,0.0,0.1);(4.5,0.0,1.1);(4.5,1.0,1.1) intersects=false edge=none cmpPath=0
04-28 00:10:11.556 W/System.err( 6075): DepthSortDiag pair: A.idx=7 A.first3=(-1.0,-1.0,0.0);(9.0,-1.0,0.0);(9.0,-1.0,0.1) B.idx=6 B.first3=(4.5,0.0,1.1);(5.5,0.0,1.1);(5.5,1.0,1.1) intersects=false edge=none cmpPath=0
04-28 00:10:11.556 W/System.err( 6075): DepthSortDiag pair: A.idx=7 A.first3=(-1.0,-1.0,0.0);(9.0,-1.0,0.0);(9.0,-1.0,0.1) B.idx=1 B.first3=(6.0,0.0,0.1);(7.0,0.0,0.1);(7.0,0.0,1.1) intersects=false edge=none cmpPath=0
04-28 00:10:11.556 W/System.err( 6075): DepthSortDiag pair: A.idx=9 A.first3=(3.0,0.0,0.1);(3.0,0.0,1.1);(3.0,1.0,1.1) B.idx=0 B.first3=(-1.0,-1.0,0.1);(9.0,-1.0,0.1);(9.0,5.0,0.1) intersects=true edge=none cmpPath=0
04-28 00:10:11.556 W/System.err( 6075): DepthSortDiag pair: A.idx=10 A.first3=(3.0,0.0,1.1);(4.0,0.0,1.1);(4.0,1.0,1.1) B.idx=0 B.first3=(-1.0,-1.0,0.1);(9.0,-1.0,0.1);(9.0,5.0,0.1) intersects=true edge=i->j cmpPath=-1
04-28 00:10:11.556 W/System.err( 6075): DepthSortDiag pair: A.idx=14 A.first3=(1.5,0.0,1.1);(2.5,0.0,1.1);(2.5,1.0,1.1) B.idx=0 B.first3=(-1.0,-1.0,0.1);(9.0,-1.0,0.1);(9.0,5.0,0.1) intersects=true edge=i->j cmpPath=-1
04-28 00:10:11.556 W/System.err( 6075): DepthSortDiag pair: A.idx=9 A.first3=(3.0,0.0,0.1);(3.0,0.0,1.1);(3.0,1.0,1.1) B.idx=7 B.first3=(-1.0,-1.0,0.0);(9.0,-1.0,0.0);(9.0,-1.0,0.1) intersects=false edge=none cmpPath=0
04-28 00:10:11.557 W/System.err( 6075): DepthSortDiag pair: A.idx=10 A.first3=(3.0,0.0,1.1);(4.0,0.0,1.1);(4.0,1.0,1.1) B.idx=7 B.first3=(-1.0,-1.0,0.0);(9.0,-1.0,0.0);(9.0,-1.0,0.1) intersects=false edge=none cmpPath=0
04-28 00:10:11.557 W/System.err( 6075): DepthSortDiag pair: A.idx=14 A.first3=(1.5,0.0,1.1);(2.5,0.0,1.1);(2.5,1.0,1.1) B.idx=7 B.first3=(-1.0,-1.0,0.0);(9.0,-1.0,0.0);(9.0,-1.0,0.1) intersects=false edge=none cmpPath=0
04-28 00:10:11.557 W/System.err( 6075): DepthSortDiag pair: A.idx=10 A.first3=(3.0,0.0,1.1);(4.0,0.0,1.1);(4.0,1.0,1.1) B.idx=9 B.first3=(3.0,0.0,0.1);(3.0,0.0,1.1);(3.0,1.0,1.1) intersects=false edge=none cmpPath=0
04-28 00:10:11.558 W/System.err( 6075): DepthSortDiag pair: A.idx=14 A.first3=(1.5,0.0,1.1);(2.5,0.0,1.1);(2.5,1.0,1.1) B.idx=9 B.first3=(3.0,0.0,0.1);(3.0,0.0,1.1);(3.0,1.0,1.1) intersects=true edge=i->j cmpPath=-1
04-28 00:10:11.558 W/System.err( 6075): DepthSortDiag pair: A.idx=14 A.first3=(1.5,0.0,1.1);(2.5,0.0,1.1);(2.5,1.0,1.1) B.idx=10 B.first3=(3.0,0.0,1.1);(4.0,0.0,1.1);(4.0,1.0,1.1) intersects=false edge=none cmpPath=0
04-28 00:10:11.558 W/System.err( 6075): DepthSortDiag pair: A.idx=8 A.first3=(3.0,0.0,0.1);(4.0,0.0,0.1);(4.0,0.0,1.1) B.idx=0 B.first3=(-1.0,-1.0,0.1);(9.0,-1.0,0.1);(9.0,5.0,0.1) intersects=true edge=none cmpPath=0
04-28 00:10:11.559 W/System.err( 6075): DepthSortDiag pair: A.idx=8 A.first3=(3.0,0.0,0.1);(4.0,0.0,0.1);(4.0,0.0,1.1) B.idx=5 B.first3=(4.5,0.0,0.1);(4.5,0.0,1.1);(4.5,1.0,1.1) intersects=true edge=i->j cmpPath=-1
04-28 00:10:11.559 W/System.err( 6075): DepthSortDiag pair: A.idx=9 A.first3=(3.0,0.0,0.1);(3.0,0.0,1.1);(3.0,1.0,1.1) B.idx=5 B.first3=(4.5,0.0,0.1);(4.5,0.0,1.1);(4.5,1.0,1.1) intersects=false edge=none cmpPath=0
04-28 00:10:11.559 W/System.err( 6075): DepthSortDiag pair: A.idx=10 A.first3=(3.0,0.0,1.1);(4.0,0.0,1.1);(4.0,1.0,1.1) B.idx=5 B.first3=(4.5,0.0,0.1);(4.5,0.0,1.1);(4.5,1.0,1.1) intersects=true edge=i->j cmpPath=-1
04-28 00:10:11.559 W/System.err( 6075): DepthSortDiag pair: A.idx=8 A.first3=(3.0,0.0,0.1);(4.0,0.0,0.1);(4.0,0.0,1.1) B.idx=7 B.first3=(-1.0,-1.0,0.0);(9.0,-1.0,0.0);(9.0,-1.0,0.1) intersects=false edge=none cmpPath=0
04-28 00:10:11.559 W/System.err( 6075): DepthSortDiag pair: A.idx=9 A.first3=(3.0,0.0,0.1);(3.0,0.0,1.1);(3.0,1.0,1.1) B.idx=8 B.first3=(3.0,0.0,0.1);(4.0,0.0,0.1);(4.0,0.0,1.1) intersects=false edge=none cmpPath=0
04-28 00:10:11.559 W/System.err( 6075): DepthSortDiag pair: A.idx=10 A.first3=(3.0,0.0,1.1);(4.0,0.0,1.1);(4.0,1.0,1.1) B.idx=8 B.first3=(3.0,0.0,0.1);(4.0,0.0,0.1);(4.0,0.0,1.1) intersects=false edge=none cmpPath=0
04-28 00:10:11.559 W/System.err( 6075): DepthSortDiag pair: A.idx=8 A.first3=(3.0,0.0,0.1);(4.0,0.0,0.1);(4.0,0.0,1.1) B.idx=6 B.first3=(4.5,0.0,1.1);(5.5,0.0,1.1);(5.5,1.0,1.1) intersects=false edge=none cmpPath=0
04-28 00:10:11.559 W/System.err( 6075): DepthSortDiag pair: A.idx=9 A.first3=(3.0,0.0,0.1);(3.0,0.0,1.1);(3.0,1.0,1.1) B.idx=6 B.first3=(4.5,0.0,1.1);(5.5,0.0,1.1);(5.5,1.0,1.1) intersects=false edge=none cmpPath=0
04-28 00:10:11.559 W/System.err( 6075): DepthSortDiag pair: A.idx=10 A.first3=(3.0,0.0,1.1);(4.0,0.0,1.1);(4.0,1.0,1.1) B.idx=6 B.first3=(4.5,0.0,1.1);(5.5,0.0,1.1);(5.5,1.0,1.1) intersects=false edge=none cmpPath=0
04-28 00:10:11.559 W/System.err( 6075): DepthSortDiag pair: A.idx=12 A.first3=(1.5,0.0,0.1);(2.5,0.0,0.1);(2.5,0.0,1.1) B.idx=0 B.first3=(-1.0,-1.0,0.1);(9.0,-1.0,0.1);(9.0,5.0,0.1) intersects=true edge=none cmpPath=0
04-28 00:10:11.560 W/System.err( 6075): DepthSortDiag pair: A.idx=13 A.first3=(1.5,0.0,0.1);(1.5,0.0,1.1);(1.5,1.0,1.1) B.idx=0 B.first3=(-1.0,-1.0,0.1);(9.0,-1.0,0.1);(9.0,5.0,0.1) intersects=true edge=none cmpPath=0
04-28 00:10:11.560 W/System.err( 6075): DepthSortDiag pair: A.idx=15 A.first3=(0.0,0.0,0.1);(1.0,0.0,0.1);(1.0,0.0,1.1) B.idx=0 B.first3=(-1.0,-1.0,0.1);(9.0,-1.0,0.1);(9.0,5.0,0.1) intersects=true edge=none cmpPath=0
04-28 00:10:11.560 W/System.err( 6075): DepthSortDiag pair: A.idx=17 A.first3=(0.0,0.0,1.1);(1.0,0.0,1.1);(1.0,1.0,1.1) B.idx=0 B.first3=(-1.0,-1.0,0.1);(9.0,-1.0,0.1);(9.0,5.0,0.1) intersects=true edge=i->j cmpPath=-1
04-28 00:10:11.560 W/System.err( 6075): DepthSortDiag pair: A.idx=12 A.first3=(1.5,0.0,0.1);(2.5,0.0,0.1);(2.5,0.0,1.1) B.idx=7 B.first3=(-1.0,-1.0,0.0);(9.0,-1.0,0.0);(9.0,-1.0,0.1) intersects=false edge=none cmpPath=0
04-28 00:10:11.560 W/System.err( 6075): DepthSortDiag pair: A.idx=13 A.first3=(1.5,0.0,0.1);(1.5,0.0,1.1);(1.5,1.0,1.1) B.idx=7 B.first3=(-1.0,-1.0,0.0);(9.0,-1.0,0.0);(9.0,-1.0,0.1) intersects=false edge=none cmpPath=0
04-28 00:10:11.560 W/System.err( 6075): DepthSortDiag pair: A.idx=15 A.first3=(0.0,0.0,0.1);(1.0,0.0,0.1);(1.0,0.0,1.1) B.idx=7 B.first3=(-1.0,-1.0,0.0);(9.0,-1.0,0.0);(9.0,-1.0,0.1) intersects=false edge=none cmpPath=0
04-28 00:10:11.560 W/System.err( 6075): DepthSortDiag pair: A.idx=17 A.first3=(0.0,0.0,1.1);(1.0,0.0,1.1);(1.0,1.0,1.1) B.idx=7 B.first3=(-1.0,-1.0,0.0);(9.0,-1.0,0.0);(9.0,-1.0,0.1) intersects=false edge=none cmpPath=0
04-28 00:10:11.560 W/System.err( 6075): DepthSortDiag pair: A.idx=12 A.first3=(1.5,0.0,0.1);(2.5,0.0,0.1);(2.5,0.0,1.1) B.idx=9 B.first3=(3.0,0.0,0.1);(3.0,0.0,1.1);(3.0,1.0,1.1) intersects=true edge=i->j cmpPath=-1
04-28 00:10:11.560 W/System.err( 6075): DepthSortDiag pair: A.idx=13 A.first3=(1.5,0.0,0.1);(1.5,0.0,1.1);(1.5,1.0,1.1) B.idx=9 B.first3=(3.0,0.0,0.1);(3.0,0.0,1.1);(3.0,1.0,1.1) intersects=false edge=none cmpPath=0
04-28 00:10:11.560 W/System.err( 6075): DepthSortDiag pair: A.idx=15 A.first3=(0.0,0.0,0.1);(1.0,0.0,0.1);(1.0,0.0,1.1) B.idx=9 B.first3=(3.0,0.0,0.1);(3.0,0.0,1.1);(3.0,1.0,1.1) intersects=false edge=none cmpPath=0
04-28 00:10:11.560 W/System.err( 6075): DepthSortDiag pair: A.idx=17 A.first3=(0.0,0.0,1.1);(1.0,0.0,1.1);(1.0,1.0,1.1) B.idx=9 B.first3=(3.0,0.0,0.1);(3.0,0.0,1.1);(3.0,1.0,1.1) intersects=false edge=none cmpPath=0
04-28 00:10:11.560 W/System.err( 6075): DepthSortDiag pair: A.idx=12 A.first3=(1.5,0.0,0.1);(2.5,0.0,0.1);(2.5,0.0,1.1) B.idx=10 B.first3=(3.0,0.0,1.1);(4.0,0.0,1.1);(4.0,1.0,1.1) intersects=false edge=none cmpPath=0
04-28 00:10:11.561 W/System.err( 6075): DepthSortDiag pair: A.idx=13 A.first3=(1.5,0.0,0.1);(1.5,0.0,1.1);(1.5,1.0,1.1) B.idx=10 B.first3=(3.0,0.0,1.1);(4.0,0.0,1.1);(4.0,1.0,1.1) intersects=false edge=none cmpPath=0
04-28 00:10:11.561 W/System.err( 6075): DepthSortDiag pair: A.idx=15 A.first3=(0.0,0.0,0.1);(1.0,0.0,0.1);(1.0,0.0,1.1) B.idx=10 B.first3=(3.0,0.0,1.1);(4.0,0.0,1.1);(4.0,1.0,1.1) intersects=false edge=none cmpPath=0
04-28 00:10:11.562 W/System.err( 6075): DepthSortDiag pair: A.idx=17 A.first3=(0.0,0.0,1.1);(1.0,0.0,1.1);(1.0,1.0,1.1) B.idx=10 B.first3=(3.0,0.0,1.1);(4.0,0.0,1.1);(4.0,1.0,1.1) intersects=false edge=none cmpPath=0
04-28 00:10:11.562 W/System.err( 6075): DepthSortDiag pair: A.idx=13 A.first3=(1.5,0.0,0.1);(1.5,0.0,1.1);(1.5,1.0,1.1) B.idx=12 B.first3=(1.5,0.0,0.1);(2.5,0.0,0.1);(2.5,0.0,1.1) intersects=false edge=none cmpPath=0
04-28 00:10:11.562 W/System.err( 6075): DepthSortDiag pair: A.idx=14 A.first3=(1.5,0.0,1.1);(2.5,0.0,1.1);(2.5,1.0,1.1) B.idx=12 B.first3=(1.5,0.0,0.1);(2.5,0.0,0.1);(2.5,0.0,1.1) intersects=false edge=none cmpPath=0
04-28 00:10:11.563 W/System.err( 6075): DepthSortDiag pair: A.idx=15 A.first3=(0.0,0.0,0.1);(1.0,0.0,0.1);(1.0,0.0,1.1) B.idx=12 B.first3=(1.5,0.0,0.1);(2.5,0.0,0.1);(2.5,0.0,1.1) intersects=false edge=none cmpPath=0
04-28 00:10:11.563 W/System.err( 6075): DepthSortDiag pair: A.idx=17 A.first3=(0.0,0.0,1.1);(1.0,0.0,1.1);(1.0,1.0,1.1) B.idx=12 B.first3=(1.5,0.0,0.1);(2.5,0.0,0.1);(2.5,0.0,1.1) intersects=false edge=none cmpPath=0
04-28 00:10:11.563 W/System.err( 6075): DepthSortDiag pair: A.idx=14 A.first3=(1.5,0.0,1.1);(2.5,0.0,1.1);(2.5,1.0,1.1) B.idx=13 B.first3=(1.5,0.0,0.1);(1.5,0.0,1.1);(1.5,1.0,1.1) intersects=false edge=none cmpPath=0
04-28 00:10:11.563 W/System.err( 6075): DepthSortDiag pair: A.idx=15 A.first3=(0.0,0.0,0.1);(1.0,0.0,0.1);(1.0,0.0,1.1) B.idx=13 B.first3=(1.5,0.0,0.1);(1.5,0.0,1.1);(1.5,1.0,1.1) intersects=true edge=i->j cmpPath=-1
04-28 00:10:11.564 W/System.err( 6075): DepthSortDiag pair: A.idx=17 A.first3=(0.0,0.0,1.1);(1.0,0.0,1.1);(1.0,1.0,1.1) B.idx=13 B.first3=(1.5,0.0,0.1);(1.5,0.0,1.1);(1.5,1.0,1.1) intersects=true edge=i->j cmpPath=-1
04-28 00:10:11.564 W/System.err( 6075): DepthSortDiag pair: A.idx=15 A.first3=(0.0,0.0,0.1);(1.0,0.0,0.1);(1.0,0.0,1.1) B.idx=14 B.first3=(1.5,0.0,1.1);(2.5,0.0,1.1);(2.5,1.0,1.1) intersects=false edge=none cmpPath=0
04-28 00:10:11.564 W/System.err( 6075): DepthSortDiag pair: A.idx=17 A.first3=(0.0,0.0,1.1);(1.0,0.0,1.1);(1.0,1.0,1.1) B.idx=14 B.first3=(1.5,0.0,1.1);(2.5,0.0,1.1);(2.5,1.0,1.1) intersects=false edge=none cmpPath=0
04-28 00:10:11.564 W/System.err( 6075): DepthSortDiag pair: A.idx=17 A.first3=(0.0,0.0,1.1);(1.0,0.0,1.1);(1.0,1.0,1.1) B.idx=15 B.first3=(0.0,0.0,0.1);(1.0,0.0,0.1);(1.0,0.0,1.1) intersects=false edge=none cmpPath=0
04-28 00:10:11.564 W/System.err( 6075): DepthSortDiag pair: A.idx=11 A.first3=(-1.0,-1.0,0.0);(-1.0,-1.0,0.1);(-1.0,5.0,0.1) B.idx=0 B.first3=(-1.0,-1.0,0.1);(9.0,-1.0,0.1);(9.0,5.0,0.1) intersects=false edge=none cmpPath=0
04-28 00:10:11.565 W/System.err( 6075): DepthSortDiag pair: A.idx=16 A.first3=(0.0,0.0,0.1);(0.0,0.0,1.1);(0.0,1.0,1.1) B.idx=0 B.first3=(-1.0,-1.0,0.1);(9.0,-1.0,0.1);(9.0,5.0,0.1) intersects=true edge=none cmpPath=0
04-28 00:10:11.565 W/System.err( 6075): DepthSortDiag pair: A.idx=11 A.first3=(-1.0,-1.0,0.0);(-1.0,-1.0,0.1);(-1.0,5.0,0.1) B.idx=7 B.first3=(-1.0,-1.0,0.0);(9.0,-1.0,0.0);(9.0,-1.0,0.1) intersects=false edge=none cmpPath=0
04-28 00:10:11.565 W/System.err( 6075): DepthSortDiag pair: A.idx=16 A.first3=(0.0,0.0,0.1);(0.0,0.0,1.1);(0.0,1.0,1.1) B.idx=7 B.first3=(-1.0,-1.0,0.0);(9.0,-1.0,0.0);(9.0,-1.0,0.1) intersects=false edge=none cmpPath=0
04-28 00:10:11.565 W/System.err( 6075): DepthSortDiag pair: A.idx=13 A.first3=(1.5,0.0,0.1);(1.5,0.0,1.1);(1.5,1.0,1.1) B.idx=11 B.first3=(-1.0,-1.0,0.0);(-1.0,-1.0,0.1);(-1.0,5.0,0.1) intersects=false edge=none cmpPath=0
04-28 00:10:11.565 W/System.err( 6075): DepthSortDiag pair: A.idx=14 A.first3=(1.5,0.0,1.1);(2.5,0.0,1.1);(2.5,1.0,1.1) B.idx=11 B.first3=(-1.0,-1.0,0.0);(-1.0,-1.0,0.1);(-1.0,5.0,0.1) intersects=false edge=none cmpPath=0
04-28 00:10:11.565 W/System.err( 6075): DepthSortDiag pair: A.idx=15 A.first3=(0.0,0.0,0.1);(1.0,0.0,0.1);(1.0,0.0,1.1) B.idx=11 B.first3=(-1.0,-1.0,0.0);(-1.0,-1.0,0.1);(-1.0,5.0,0.1) intersects=false edge=none cmpPath=0
04-28 00:10:11.566 W/System.err( 6075): DepthSortDiag pair: A.idx=16 A.first3=(0.0,0.0,0.1);(0.0,0.0,1.1);(0.0,1.0,1.1) B.idx=11 B.first3=(-1.0,-1.0,0.0);(-1.0,-1.0,0.1);(-1.0,5.0,0.1) intersects=false edge=none cmpPath=0
04-28 00:10:11.566 W/System.err( 6075): DepthSortDiag pair: A.idx=17 A.first3=(0.0,0.0,1.1);(1.0,0.0,1.1);(1.0,1.0,1.1) B.idx=11 B.first3=(-1.0,-1.0,0.0);(-1.0,-1.0,0.1);(-1.0,5.0,0.1) intersects=false edge=none cmpPath=0
04-28 00:10:11.566 W/System.err( 6075): DepthSortDiag pair: A.idx=16 A.first3=(0.0,0.0,0.1);(0.0,0.0,1.1);(0.0,1.0,1.1) B.idx=13 B.first3=(1.5,0.0,0.1);(1.5,0.0,1.1);(1.5,1.0,1.1) intersects=false edge=none cmpPath=0
04-28 00:10:11.566 W/System.err( 6075): DepthSortDiag pair: A.idx=16 A.first3=(0.0,0.0,0.1);(0.0,0.0,1.1);(0.0,1.0,1.1) B.idx=14 B.first3=(1.5,0.0,1.1);(2.5,0.0,1.1);(2.5,1.0,1.1) intersects=false edge=none cmpPath=0
04-28 00:10:11.566 W/System.err( 6075): DepthSortDiag pair: A.idx=16 A.first3=(0.0,0.0,0.1);(0.0,0.0,1.1);(0.0,1.0,1.1) B.idx=15 B.first3=(0.0,0.0,0.1);(1.0,0.0,0.1);(1.0,0.0,1.1) intersects=false edge=none cmpPath=0
04-28 00:10:11.566 W/System.err( 6075): DepthSortDiag pair: A.idx=17 A.first3=(0.0,0.0,1.1);(1.0,0.0,1.1);(1.0,1.0,1.1) B.idx=16 B.first3=(0.0,0.0,0.1);(0.0,0.0,1.1);(0.0,1.0,1.1) intersects=false edge=none cmpPath=0
04-28 00:10:11.566 W/System.err( 6075): DepthSortDiag ORDER pos=0 depthIdx=0 first3=(-1.0,-1.0,0.1);(9.0,-1.0,0.1);(9.0,5.0,0.1)
04-28 00:10:11.566 W/System.err( 6075): DepthSortDiag ORDER pos=1 depthIdx=1 first3=(6.0,0.0,0.1);(7.0,0.0,0.1);(7.0,0.0,1.1)
04-28 00:10:11.566 W/System.err( 6075): DepthSortDiag ORDER pos=2 depthIdx=2 first3=(6.0,0.0,0.1);(6.0,0.0,1.1);(6.0,1.0,1.1)
04-28 00:10:11.566 W/System.err( 6075): DepthSortDiag ORDER pos=3 depthIdx=5 first3=(4.5,0.0,0.1);(4.5,0.0,1.1);(4.5,1.0,1.1)
04-28 00:10:11.566 W/System.err( 6075): DepthSortDiag ORDER pos=4 depthIdx=7 first3=(-1.0,-1.0,0.0);(9.0,-1.0,0.0);(9.0,-1.0,0.1)
04-28 00:10:11.566 W/System.err( 6075): DepthSortDiag ORDER pos=5 depthIdx=9 first3=(3.0,0.0,0.1);(3.0,0.0,1.1);(3.0,1.0,1.1)
04-28 00:10:11.567 W/System.err( 6075): DepthSortDiag ORDER pos=6 depthIdx=11 first3=(-1.0,-1.0,0.0);(-1.0,-1.0,0.1);(-1.0,5.0,0.1)
04-28 00:10:11.567 W/System.err( 6075): DepthSortDiag ORDER pos=7 depthIdx=13 first3=(1.5,0.0,0.1);(1.5,0.0,1.1);(1.5,1.0,1.1)
04-28 00:10:11.567 W/System.err( 6075): DepthSortDiag ORDER pos=8 depthIdx=16 first3=(0.0,0.0,0.1);(0.0,0.0,1.1);(0.0,1.0,1.1)
04-28 00:10:11.567 W/System.err( 6075): DepthSortDiag ORDER pos=9 depthIdx=3 first3=(6.0,0.0,1.1);(7.0,0.0,1.1);(7.0,1.0,1.1)
04-28 00:10:11.567 W/System.err( 6075): DepthSortDiag ORDER pos=10 depthIdx=4 first3=(4.5,0.0,0.1);(5.5,0.0,0.1);(5.5,0.0,1.1)
04-28 00:10:11.567 W/System.err( 6075): DepthSortDiag ORDER pos=11 depthIdx=6 first3=(4.5,0.0,1.1);(5.5,0.0,1.1);(5.5,1.0,1.1)
04-28 00:10:11.567 W/System.err( 6075): DepthSortDiag ORDER pos=12 depthIdx=8 first3=(3.0,0.0,0.1);(4.0,0.0,0.1);(4.0,0.0,1.1)
04-28 00:10:11.567 W/System.err( 6075): DepthSortDiag ORDER pos=13 depthIdx=10 first3=(3.0,0.0,1.1);(4.0,0.0,1.1);(4.0,1.0,1.1)
04-28 00:10:11.567 W/System.err( 6075): DepthSortDiag ORDER pos=14 depthIdx=12 first3=(1.5,0.0,0.1);(2.5,0.0,0.1);(2.5,0.0,1.1)
04-28 00:10:11.567 W/System.err( 6075): DepthSortDiag ORDER pos=15 depthIdx=14 first3=(1.5,0.0,1.1);(2.5,0.0,1.1);(2.5,1.0,1.1)
04-28 00:10:11.567 W/System.err( 6075): DepthSortDiag ORDER pos=16 depthIdx=15 first3=(0.0,0.0,0.1);(1.0,0.0,0.1);(1.0,0.0,1.1)
04-28 00:10:11.567 W/System.err( 6075): DepthSortDiag ORDER pos=17 depthIdx=17 first3=(0.0,0.0,1.1);(1.0,0.0,1.1);(1.0,1.0,1.1)
04-28 00:10:11.567 W/System.err( 6075): DepthSortDiag FRAME END
04-28 00:10:15.083 W/System.err( 6075): DepthSortDiag FRAME START itemCount=30
04-28 00:10:15.084 W/System.err( 6075): DepthSortDiag pair: A.idx=19 A.first3=(-1.0,-1.0,0.0);(7.0,-1.0,0.0);(7.0,-1.0,0.1) B.idx=3 B.first3=(-1.0,-1.0,0.1);(7.0,-1.0,0.1);(7.0,5.0,0.1) intersects=false edge=none cmpPath=0
04-28 00:10:15.085 W/System.err( 6075): DepthSortDiag pair: A.idx=10 A.first3=(3.6,0.0,0.1);(4.8,0.0,0.1);(4.8,0.0,1.1) B.idx=3 B.first3=(-1.0,-1.0,0.1);(7.0,-1.0,0.1);(7.0,5.0,0.1) intersects=true edge=none cmpPath=0
04-28 00:10:15.085 W/System.err( 6075): DepthSortDiag pair: A.idx=16 A.first3=(3.6,0.0,1.1);(4.8,0.0,1.1);(4.8,1.2,1.1) B.idx=3 B.first3=(-1.0,-1.0,0.1);(7.0,-1.0,0.1);(7.0,5.0,0.1) intersects=true edge=i->j cmpPath=-1
04-28 00:10:15.085 W/System.err( 6075): DepthSortDiag pair: A.idx=16 A.first3=(3.6,0.0,1.1);(4.8,0.0,1.1);(4.8,1.2,1.1) B.idx=10 B.first3=(3.6,0.0,0.1);(4.8,0.0,0.1);(4.8,0.0,1.1) intersects=false edge=none cmpPath=0
04-28 00:10:15.085 W/System.err( 6075): DepthSortDiag pair: A.idx=19 A.first3=(-1.0,-1.0,0.0);(7.0,-1.0,0.0);(7.0,-1.0,0.1) B.idx=10 B.first3=(3.6,0.0,0.1);(4.8,0.0,0.1);(4.8,0.0,1.1) intersects=false edge=none cmpPath=0
04-28 00:10:15.085 W/System.err( 6075): DepthSortDiag pair: A.idx=19 A.first3=(-1.0,-1.0,0.0);(7.0,-1.0,0.0);(7.0,-1.0,0.1) B.idx=16 B.first3=(3.6,0.0,1.1);(4.8,0.0,1.1);(4.8,1.2,1.1) intersects=false edge=none cmpPath=0
04-28 00:10:15.085 W/System.err( 6075): DepthSortDiag pair: A.idx=1 A.first3=(3.6,3.6,0.1);(3.6,3.6,1.1);(3.6,4.8,1.1) B.idx=0 B.first3=(3.6,3.6,0.1);(4.8,3.6,0.1);(4.8,3.6,1.1) intersects=false edge=none cmpPath=0
04-28 00:10:15.086 W/System.err( 6075): DepthSortDiag pair: A.idx=2 A.first3=(3.6,3.6,1.1);(4.8,3.6,1.1);(4.8,4.8,1.1) B.idx=0 B.first3=(3.6,3.6,0.1);(4.8,3.6,0.1);(4.8,3.6,1.1) intersects=false edge=none cmpPath=0
04-28 00:10:15.086 W/System.err( 6075): DepthSortDiag pair: A.idx=3 A.first3=(-1.0,-1.0,0.1);(7.0,-1.0,0.1);(7.0,5.0,0.1) B.idx=0 B.first3=(3.6,3.6,0.1);(4.8,3.6,0.1);(4.8,3.6,1.1) intersects=true edge=none cmpPath=0
04-28 00:10:15.086 W/System.err( 6075): DepthSortDiag pair: A.idx=8 A.first3=(3.6,1.8,1.1);(4.8,1.8,1.1);(4.8,3.0,1.1) B.idx=0 B.first3=(3.6,3.6,0.1);(4.8,3.6,0.1);(4.8,3.6,1.1) intersects=true edge=i->j cmpPath=-1
04-28 00:10:15.086 W/System.err( 6075): DepthSortDiag pair: A.idx=9 A.first3=(1.8,3.6,1.1);(3.0,3.6,1.1);(3.0,4.8,1.1) B.idx=0 B.first3=(3.6,3.6,0.1);(4.8,3.6,0.1);(4.8,3.6,1.1) intersects=false edge=none cmpPath=0
04-28 00:10:15.086 W/System.err( 6075): DepthSortDiag pair: A.idx=2 A.first3=(3.6,3.6,1.1);(4.8,3.6,1.1);(4.8,4.8,1.1) B.idx=1 B.first3=(3.6,3.6,0.1);(3.6,3.6,1.1);(3.6,4.8,1.1) intersects=false edge=none cmpPath=0
04-28 00:10:15.086 W/System.err( 6075): DepthSortDiag pair: A.idx=3 A.first3=(-1.0,-1.0,0.1);(7.0,-1.0,0.1);(7.0,5.0,0.1) B.idx=1 B.first3=(3.6,3.6,0.1);(3.6,3.6,1.1);(3.6,4.8,1.1) intersects=true edge=none cmpPath=0
04-28 00:10:15.086 W/System.err( 6075): DepthSortDiag pair: A.idx=8 A.first3=(3.6,1.8,1.1);(4.8,1.8,1.1);(4.8,3.0,1.1) B.idx=1 B.first3=(3.6,3.6,0.1);(3.6,3.6,1.1);(3.6,4.8,1.1) intersects=false edge=none cmpPath=0
04-28 00:10:15.086 W/System.err( 6075): DepthSortDiag pair: A.idx=9 A.first3=(1.8,3.6,1.1);(3.0,3.6,1.1);(3.0,4.8,1.1) B.idx=1 B.first3=(3.6,3.6,0.1);(3.6,3.6,1.1);(3.6,4.8,1.1) intersects=true edge=i->j cmpPath=-1
04-28 00:10:15.086 W/System.err( 6075): DepthSortDiag pair: A.idx=3 A.first3=(-1.0,-1.0,0.1);(7.0,-1.0,0.1);(7.0,5.0,0.1) B.idx=2 B.first3=(3.6,3.6,1.1);(4.8,3.6,1.1);(4.8,4.8,1.1) intersects=true edge=j->i cmpPath=1
04-28 00:10:15.087 W/System.err( 6075): DepthSortDiag pair: A.idx=8 A.first3=(3.6,1.8,1.1);(4.8,1.8,1.1);(4.8,3.0,1.1) B.idx=2 B.first3=(3.6,3.6,1.1);(4.8,3.6,1.1);(4.8,4.8,1.1) intersects=false edge=none cmpPath=0
04-28 00:10:15.087 W/System.err( 6075): DepthSortDiag pair: A.idx=9 A.first3=(1.8,3.6,1.1);(3.0,3.6,1.1);(3.0,4.8,1.1) B.idx=2 B.first3=(3.6,3.6,1.1);(4.8,3.6,1.1);(4.8,4.8,1.1) intersects=false edge=none cmpPath=0
04-28 00:10:15.087 W/System.err( 6075): DepthSortDiag pair: A.idx=8 A.first3=(3.6,1.8,1.1);(4.8,1.8,1.1);(4.8,3.0,1.1) B.idx=3 B.first3=(-1.0,-1.0,0.1);(7.0,-1.0,0.1);(7.0,5.0,0.1) intersects=true edge=i->j cmpPath=-1
04-28 00:10:15.087 W/System.err( 6075): DepthSortDiag pair: A.idx=9 A.first3=(1.8,3.6,1.1);(3.0,3.6,1.1);(3.0,4.8,1.1) B.idx=3 B.first3=(-1.0,-1.0,0.1);(7.0,-1.0,0.1);(7.0,5.0,0.1) intersects=true edge=i->j cmpPath=-1
04-28 00:10:15.087 W/System.err( 6075): DepthSortDiag pair: A.idx=9 A.first3=(1.8,3.6,1.1);(3.0,3.6,1.1);(3.0,4.8,1.1) B.idx=8 B.first3=(3.6,1.8,1.1);(4.8,1.8,1.1);(4.8,3.0,1.1) intersects=false edge=none cmpPath=0
04-28 00:10:15.087 W/System.err( 6075): DepthSortDiag pair: A.idx=4 A.first3=(3.6,1.8,0.1);(4.8,1.8,0.1);(4.8,1.8,1.1) B.idx=0 B.first3=(3.6,3.6,0.1);(4.8,3.6,0.1);(4.8,3.6,1.1) intersects=false edge=none cmpPath=0
04-28 00:10:15.087 W/System.err( 6075): DepthSortDiag pair: A.idx=5 A.first3=(3.6,1.8,0.1);(3.6,1.8,1.1);(3.6,3.0,1.1) B.idx=0 B.first3=(3.6,3.6,0.1);(4.8,3.6,0.1);(4.8,3.6,1.1) intersects=true edge=i->j cmpPath=-1
04-28 00:10:15.088 W/System.err( 6075): DepthSortDiag pair: A.idx=11 A.first3=(3.6,0.0,0.1);(3.6,0.0,1.1);(3.6,1.2,1.1) B.idx=0 B.first3=(3.6,3.6,0.1);(4.8,3.6,0.1);(4.8,3.6,1.1) intersects=false edge=none cmpPath=0
04-28 00:10:15.088 W/System.err( 6075): DepthSortDiag pair: A.idx=12 A.first3=(1.8,1.8,0.1);(3.0,1.8,0.1);(3.0,1.8,1.1) B.idx=0 B.first3=(3.6,3.6,0.1);(4.8,3.6,0.1);(4.8,3.6,1.1) intersects=false edge=none cmpPath=0
04-28 00:10:15.088 W/System.err( 6075): DepthSortDiag pair: A.idx=16 A.first3=(3.6,0.0,1.1);(4.8,0.0,1.1);(4.8,1.2,1.1) B.idx=0 B.first3=(3.6,3.6,0.1);(4.8,3.6,0.1);(4.8,3.6,1.1) intersects=false edge=none cmpPath=0
04-28 00:10:15.088 W/System.err( 6075): DepthSortDiag pair: A.idx=17 A.first3=(1.8,1.8,1.1);(3.0,1.8,1.1);(3.0,3.0,1.1) B.idx=0 B.first3=(3.6,3.6,0.1);(4.8,3.6,0.1);(4.8,3.6,1.1) intersects=true edge=i->j cmpPath=-1
04-28 00:10:15.088 W/System.err( 6075): DepthSortDiag pair: A.idx=4 A.first3=(3.6,1.8,0.1);(4.8,1.8,0.1);(4.8,1.8,1.1) B.idx=2 B.first3=(3.6,3.6,1.1);(4.8,3.6,1.1);(4.8,4.8,1.1) intersects=false edge=none cmpPath=0
04-28 00:10:15.088 W/System.err( 6075): DepthSortDiag pair: A.idx=5 A.first3=(3.6,1.8,0.1);(3.6,1.8,1.1);(3.6,3.0,1.1) B.idx=2 B.first3=(3.6,3.6,1.1);(4.8,3.6,1.1);(4.8,4.8,1.1) intersects=false edge=none cmpPath=0
04-28 00:10:15.088 W/System.err( 6075): DepthSortDiag pair: A.idx=11 A.first3=(3.6,0.0,0.1);(3.6,0.0,1.1);(3.6,1.2,1.1) B.idx=2 B.first3=(3.6,3.6,1.1);(4.8,3.6,1.1);(4.8,4.8,1.1) intersects=false edge=none cmpPath=0
04-28 00:10:15.088 W/System.err( 6075): DepthSortDiag pair: A.idx=12 A.first3=(1.8,1.8,0.1);(3.0,1.8,0.1);(3.0,1.8,1.1) B.idx=2 B.first3=(3.6,3.6,1.1);(4.8,3.6,1.1);(4.8,4.8,1.1) intersects=false edge=none cmpPath=0
04-28 00:10:15.088 W/System.err( 6075): DepthSortDiag pair: A.idx=16 A.first3=(3.6,0.0,1.1);(4.8,0.0,1.1);(4.8,1.2,1.1) B.idx=2 B.first3=(3.6,3.6,1.1);(4.8,3.6,1.1);(4.8,4.8,1.1) intersects=false edge=none cmpPath=0
04-28 00:10:15.088 W/System.err( 6075): DepthSortDiag pair: A.idx=17 A.first3=(1.8,1.8,1.1);(3.0,1.8,1.1);(3.0,3.0,1.1) B.idx=2 B.first3=(3.6,3.6,1.1);(4.8,3.6,1.1);(4.8,4.8,1.1) intersects=false edge=none cmpPath=0
04-28 00:10:15.088 W/System.err( 6075): DepthSortDiag pair: A.idx=4 A.first3=(3.6,1.8,0.1);(4.8,1.8,0.1);(4.8,1.8,1.1) B.idx=3 B.first3=(-1.0,-1.0,0.1);(7.0,-1.0,0.1);(7.0,5.0,0.1) intersects=true edge=none cmpPath=0
04-28 00:10:15.088 W/System.err( 6075): DepthSortDiag pair: A.idx=5 A.first3=(3.6,1.8,0.1);(3.6,1.8,1.1);(3.6,3.0,1.1) B.idx=3 B.first3=(-1.0,-1.0,0.1);(7.0,-1.0,0.1);(7.0,5.0,0.1) intersects=true edge=none cmpPath=0
04-28 00:10:15.088 W/System.err( 6075): DepthSortDiag pair: A.idx=11 A.first3=(3.6,0.0,0.1);(3.6,0.0,1.1);(3.6,1.2,1.1) B.idx=3 B.first3=(-1.0,-1.0,0.1);(7.0,-1.0,0.1);(7.0,5.0,0.1) intersects=true edge=none cmpPath=0
04-28 00:10:15.088 W/System.err( 6075): DepthSortDiag pair: A.idx=12 A.first3=(1.8,1.8,0.1);(3.0,1.8,0.1);(3.0,1.8,1.1) B.idx=3 B.first3=(-1.0,-1.0,0.1);(7.0,-1.0,0.1);(7.0,5.0,0.1) intersects=true edge=none cmpPath=0
04-28 00:10:15.089 W/System.err( 6075): DepthSortDiag pair: A.idx=17 A.first3=(1.8,1.8,1.1);(3.0,1.8,1.1);(3.0,3.0,1.1) B.idx=3 B.first3=(-1.0,-1.0,0.1);(7.0,-1.0,0.1);(7.0,5.0,0.1) intersects=true edge=i->j cmpPath=-1
04-28 00:10:15.089 W/System.err( 6075): DepthSortDiag pair: A.idx=5 A.first3=(3.6,1.8,0.1);(3.6,1.8,1.1);(3.6,3.0,1.1) B.idx=4 B.first3=(3.6,1.8,0.1);(4.8,1.8,0.1);(4.8,1.8,1.1) intersects=false edge=none cmpPath=0
04-28 00:10:15.089 W/System.err( 6075): DepthSortDiag pair: A.idx=8 A.first3=(3.6,1.8,1.1);(4.8,1.8,1.1);(4.8,3.0,1.1) B.idx=4 B.first3=(3.6,1.8,0.1);(4.8,1.8,0.1);(4.8,1.8,1.1) intersects=false edge=none cmpPath=0
04-28 00:10:15.089 W/System.err( 6075): DepthSortDiag pair: A.idx=11 A.first3=(3.6,0.0,0.1);(3.6,0.0,1.1);(3.6,1.2,1.1) B.idx=4 B.first3=(3.6,1.8,0.1);(4.8,1.8,0.1);(4.8,1.8,1.1) intersects=true edge=i->j cmpPath=-1
04-28 00:10:15.089 W/System.err( 6075): DepthSortDiag pair: A.idx=12 A.first3=(1.8,1.8,0.1);(3.0,1.8,0.1);(3.0,1.8,1.1) B.idx=4 B.first3=(3.6,1.8,0.1);(4.8,1.8,0.1);(4.8,1.8,1.1) intersects=false edge=none cmpPath=0
04-28 00:10:15.089 W/System.err( 6075): DepthSortDiag pair: A.idx=16 A.first3=(3.6,0.0,1.1);(4.8,0.0,1.1);(4.8,1.2,1.1) B.idx=4 B.first3=(3.6,1.8,0.1);(4.8,1.8,0.1);(4.8,1.8,1.1) intersects=true edge=i->j cmpPath=-1
04-28 00:10:15.089 W/System.err( 6075): DepthSortDiag pair: A.idx=17 A.first3=(1.8,1.8,1.1);(3.0,1.8,1.1);(3.0,3.0,1.1) B.idx=4 B.first3=(3.6,1.8,0.1);(4.8,1.8,0.1);(4.8,1.8,1.1) intersects=false edge=none cmpPath=0
04-28 00:10:15.089 W/System.err( 6075): DepthSortDiag pair: A.idx=8 A.first3=(3.6,1.8,1.1);(4.8,1.8,1.1);(4.8,3.0,1.1) B.idx=5 B.first3=(3.6,1.8,0.1);(3.6,1.8,1.1);(3.6,3.0,1.1) intersects=true edge=none cmpPath=0
04-28 00:10:15.089 W/System.err( 6075): DepthSortDiag pair: A.idx=11 A.first3=(3.6,0.0,0.1);(3.6,0.0,1.1);(3.6,1.2,1.1) B.idx=5 B.first3=(3.6,1.8,0.1);(3.6,1.8,1.1);(3.6,3.0,1.1) intersects=false edge=none cmpPath=0
04-28 00:10:15.089 W/System.err( 6075): DepthSortDiag pair: A.idx=12 A.first3=(1.8,1.8,0.1);(3.0,1.8,0.1);(3.0,1.8,1.1) B.idx=5 B.first3=(3.6,1.8,0.1);(3.6,1.8,1.1);(3.6,3.0,1.1) intersects=true edge=i->j cmpPath=-1
04-28 00:10:15.090 W/System.err( 6075): DepthSortDiag pair: A.idx=16 A.first3=(3.6,0.0,1.1);(4.8,0.0,1.1);(4.8,1.2,1.1) B.idx=5 B.first3=(3.6,1.8,0.1);(3.6,1.8,1.1);(3.6,3.0,1.1) intersects=false edge=none cmpPath=0
04-28 00:10:15.090 W/System.err( 6075): DepthSortDiag pair: A.idx=17 A.first3=(1.8,1.8,1.1);(3.0,1.8,1.1);(3.0,3.0,1.1) B.idx=5 B.first3=(3.6,1.8,0.1);(3.6,1.8,1.1);(3.6,3.0,1.1) intersects=true edge=i->j cmpPath=-1
04-28 00:10:15.090 W/System.err( 6075): DepthSortDiag pair: A.idx=11 A.first3=(3.6,0.0,0.1);(3.6,0.0,1.1);(3.6,1.2,1.1) B.idx=8 B.first3=(3.6,1.8,1.1);(4.8,1.8,1.1);(4.8,3.0,1.1) intersects=false edge=none cmpPath=0
04-28 00:10:15.090 W/System.err( 6075): DepthSortDiag pair: A.idx=12 A.first3=(1.8,1.8,0.1);(3.0,1.8,0.1);(3.0,1.8,1.1) B.idx=8 B.first3=(3.6,1.8,1.1);(4.8,1.8,1.1);(4.8,3.0,1.1) intersects=false edge=none cmpPath=0
04-28 00:10:15.090 W/System.err( 6075): DepthSortDiag pair: A.idx=16 A.first3=(3.6,0.0,1.1);(4.8,0.0,1.1);(4.8,1.2,1.1) B.idx=8 B.first3=(3.6,1.8,1.1);(4.8,1.8,1.1);(4.8,3.0,1.1) intersects=false edge=none cmpPath=0
04-28 00:10:15.091 W/System.err( 6075): DepthSortDiag pair: A.idx=17 A.first3=(1.8,1.8,1.1);(3.0,1.8,1.1);(3.0,3.0,1.1) B.idx=8 B.first3=(3.6,1.8,1.1);(4.8,1.8,1.1);(4.8,3.0,1.1) intersects=false edge=none cmpPath=0
04-28 00:10:15.091 W/System.err( 6075): DepthSortDiag pair: A.idx=12 A.first3=(1.8,1.8,0.1);(3.0,1.8,0.1);(3.0,1.8,1.1) B.idx=11 B.first3=(3.6,0.0,0.1);(3.6,0.0,1.1);(3.6,1.2,1.1) intersects=false edge=none cmpPath=0
04-28 00:10:15.091 W/System.err( 6075): DepthSortDiag pair: A.idx=16 A.first3=(3.6,0.0,1.1);(4.8,0.0,1.1);(4.8,1.2,1.1) B.idx=11 B.first3=(3.6,0.0,0.1);(3.6,0.0,1.1);(3.6,1.2,1.1) intersects=false edge=none cmpPath=0
04-28 00:10:15.091 W/System.err( 6075): DepthSortDiag pair: A.idx=17 A.first3=(1.8,1.8,1.1);(3.0,1.8,1.1);(3.0,3.0,1.1) B.idx=11 B.first3=(3.6,0.0,0.1);(3.6,0.0,1.1);(3.6,1.2,1.1) intersects=false edge=none cmpPath=0
04-28 00:10:15.091 W/System.err( 6075): DepthSortDiag pair: A.idx=16 A.first3=(3.6,0.0,1.1);(4.8,0.0,1.1);(4.8,1.2,1.1) B.idx=12 B.first3=(1.8,1.8,0.1);(3.0,1.8,0.1);(3.0,1.8,1.1) intersects=false edge=none cmpPath=0
04-28 00:10:15.092 W/System.err( 6075): DepthSortDiag pair: A.idx=17 A.first3=(1.8,1.8,1.1);(3.0,1.8,1.1);(3.0,3.0,1.1) B.idx=12 B.first3=(1.8,1.8,0.1);(3.0,1.8,0.1);(3.0,1.8,1.1) intersects=false edge=none cmpPath=0
04-28 00:10:15.092 W/System.err( 6075): DepthSortDiag pair: A.idx=17 A.first3=(1.8,1.8,1.1);(3.0,1.8,1.1);(3.0,3.0,1.1) B.idx=16 B.first3=(3.6,0.0,1.1);(4.8,0.0,1.1);(4.8,1.2,1.1) intersects=false edge=none cmpPath=0
04-28 00:10:15.092 W/System.err( 6075): DepthSortDiag pair: A.idx=20 A.first3=(1.8,0.0,0.1);(3.0,0.0,0.1);(3.0,0.0,1.1) B.idx=3 B.first3=(-1.0,-1.0,0.1);(7.0,-1.0,0.1);(7.0,5.0,0.1) intersects=true edge=none cmpPath=0
04-28 00:10:15.092 W/System.err( 6075): DepthSortDiag pair: A.idx=25 A.first3=(1.8,0.0,1.1);(3.0,0.0,1.1);(3.0,1.2,1.1) B.idx=3 B.first3=(-1.0,-1.0,0.1);(7.0,-1.0,0.1);(7.0,5.0,0.1) intersects=true edge=i->j cmpPath=-1
04-28 00:10:15.093 W/System.err( 6075): DepthSortDiag pair: A.idx=10 A.first3=(3.6,0.0,0.1);(4.8,0.0,0.1);(4.8,0.0,1.1) B.idx=4 B.first3=(3.6,1.8,0.1);(4.8,1.8,0.1);(4.8,1.8,1.1) intersects=false edge=none cmpPath=0
04-28 00:10:15.093 W/System.err( 6075): DepthSortDiag pair: A.idx=19 A.first3=(-1.0,-1.0,0.0);(7.0,-1.0,0.0);(7.0,-1.0,0.1) B.idx=4 B.first3=(3.6,1.8,0.1);(4.8,1.8,0.1);(4.8,1.8,1.1) intersects=false edge=none cmpPath=0
04-28 00:10:15.094 W/System.err( 6075): DepthSortDiag pair: A.idx=20 A.first3=(1.8,0.0,0.1);(3.0,0.0,0.1);(3.0,0.0,1.1) B.idx=4 B.first3=(3.6,1.8,0.1);(4.8,1.8,0.1);(4.8,1.8,1.1) intersects=false edge=none cmpPath=0
04-28 00:10:15.094 W/System.err( 6075): DepthSortDiag pair: A.idx=25 A.first3=(1.8,0.0,1.1);(3.0,0.0,1.1);(3.0,1.2,1.1) B.idx=4 B.first3=(3.6,1.8,0.1);(4.8,1.8,0.1);(4.8,1.8,1.1) intersects=true edge=i->j cmpPath=-1
04-28 00:10:15.094 W/System.err( 6075): DepthSortDiag pair: A.idx=11 A.first3=(3.6,0.0,0.1);(3.6,0.0,1.1);(3.6,1.2,1.1) B.idx=10 B.first3=(3.6,0.0,0.1);(4.8,0.0,0.1);(4.8,0.0,1.1) intersects=false edge=none cmpPath=0
04-28 00:10:15.094 W/System.err( 6075): DepthSortDiag pair: A.idx=20 A.first3=(1.8,0.0,0.1);(3.0,0.0,0.1);(3.0,0.0,1.1) B.idx=10 B.first3=(3.6,0.0,0.1);(4.8,0.0,0.1);(4.8,0.0,1.1) intersects=false edge=none cmpPath=0
04-28 00:10:15.095 W/System.err( 6075): DepthSortDiag pair: A.idx=25 A.first3=(1.8,0.0,1.1);(3.0,0.0,1.1);(3.0,1.2,1.1) B.idx=10 B.first3=(3.6,0.0,0.1);(4.8,0.0,0.1);(4.8,0.0,1.1) intersects=false edge=none cmpPath=0
04-28 00:10:15.095 W/System.err( 6075): DepthSortDiag pair: A.idx=19 A.first3=(-1.0,-1.0,0.0);(7.0,-1.0,0.0);(7.0,-1.0,0.1) B.idx=11 B.first3=(3.6,0.0,0.1);(3.6,0.0,1.1);(3.6,1.2,1.1) intersects=false edge=none cmpPath=0
04-28 00:10:15.095 W/System.err( 6075): DepthSortDiag pair: A.idx=20 A.first3=(1.8,0.0,0.1);(3.0,0.0,0.1);(3.0,0.0,1.1) B.idx=11 B.first3=(3.6,0.0,0.1);(3.6,0.0,1.1);(3.6,1.2,1.1) intersects=true edge=i->j cmpPath=-1
04-28 00:10:15.095 W/System.err( 6075): DepthSortDiag pair: A.idx=25 A.first3=(1.8,0.0,1.1);(3.0,0.0,1.1);(3.0,1.2,1.1) B.idx=11 B.first3=(3.6,0.0,0.1);(3.6,0.0,1.1);(3.6,1.2,1.1) intersects=true edge=i->j cmpPath=-1
04-28 00:10:15.095 W/System.err( 6075): DepthSortDiag pair: A.idx=20 A.first3=(1.8,0.0,0.1);(3.0,0.0,0.1);(3.0,0.0,1.1) B.idx=16 B.first3=(3.6,0.0,1.1);(4.8,0.0,1.1);(4.8,1.2,1.1) intersects=false edge=none cmpPath=0
04-28 00:10:15.095 W/System.err( 6075): DepthSortDiag pair: A.idx=25 A.first3=(1.8,0.0,1.1);(3.0,0.0,1.1);(3.0,1.2,1.1) B.idx=16 B.first3=(3.6,0.0,1.1);(4.8,0.0,1.1);(4.8,1.2,1.1) intersects=false edge=none cmpPath=0
04-28 00:10:15.096 W/System.err( 6075): DepthSortDiag pair: A.idx=20 A.first3=(1.8,0.0,0.1);(3.0,0.0,0.1);(3.0,0.0,1.1) B.idx=19 B.first3=(-1.0,-1.0,0.0);(7.0,-1.0,0.0);(7.0,-1.0,0.1) intersects=false edge=none cmpPath=0
04-28 00:10:15.096 W/System.err( 6075): DepthSortDiag pair: A.idx=25 A.first3=(1.8,0.0,1.1);(3.0,0.0,1.1);(3.0,1.2,1.1) B.idx=19 B.first3=(-1.0,-1.0,0.0);(7.0,-1.0,0.0);(7.0,-1.0,0.1) intersects=false edge=none cmpPath=0
04-28 00:10:15.096 W/System.err( 6075): DepthSortDiag pair: A.idx=25 A.first3=(1.8,0.0,1.1);(3.0,0.0,1.1);(3.0,1.2,1.1) B.idx=20 B.first3=(1.8,0.0,0.1);(3.0,0.0,0.1);(3.0,0.0,1.1) intersects=false edge=none cmpPath=0
04-28 00:10:15.096 W/System.err( 6075): DepthSortDiag pair: A.idx=10 A.first3=(3.6,0.0,0.1);(4.8,0.0,0.1);(4.8,0.0,1.1) B.idx=8 B.first3=(3.6,1.8,1.1);(4.8,1.8,1.1);(4.8,3.0,1.1) intersects=false edge=none cmpPath=0
04-28 00:10:15.097 W/System.err( 6075): DepthSortDiag pair: A.idx=21 A.first3=(1.8,0.0,0.1);(1.8,0.0,1.1);(1.8,1.2,1.1) B.idx=3 B.first3=(-1.0,-1.0,0.1);(7.0,-1.0,0.1);(7.0,5.0,0.1) intersects=true edge=none cmpPath=0
04-28 00:10:15.097 W/System.err( 6075): DepthSortDiag pair: A.idx=29 A.first3=(0.0,0.0,1.1);(1.2,0.0,1.1);(1.2,1.2,1.1) B.idx=3 B.first3=(-1.0,-1.0,0.1);(7.0,-1.0,0.1);(7.0,5.0,0.1) intersects=true edge=i->j cmpPath=-1
04-28 00:10:15.097 W/System.err( 6075): DepthSortDiag pair: A.idx=21 A.first3=(1.8,0.0,0.1);(1.8,0.0,1.1);(1.8,1.2,1.1) B.idx=4 B.first3=(3.6,1.8,0.1);(4.8,1.8,0.1);(4.8,1.8,1.1) intersects=false edge=none cmpPath=0
04-28 00:10:15.097 W/System.err( 6075): DepthSortDiag pair: A.idx=29 A.first3=(0.0,0.0,1.1);(1.2,0.0,1.1);(1.2,1.2,1.1) B.idx=4 B.first3=(3.6,1.8,0.1);(4.8,1.8,0.1);(4.8,1.8,1.1) intersects=false edge=none cmpPath=0
04-28 00:10:15.097 W/System.err( 6075): DepthSortDiag pair: A.idx=19 A.first3=(-1.0,-1.0,0.0);(7.0,-1.0,0.0);(7.0,-1.0,0.1) B.idx=5 B.first3=(3.6,1.8,0.1);(3.6,1.8,1.1);(3.6,3.0,1.1) intersects=false edge=none cmpPath=0
04-28 00:10:15.098 W/System.err( 6075): DepthSortDiag pair: A.idx=20 A.first3=(1.8,0.0,0.1);(3.0,0.0,0.1);(3.0,0.0,1.1) B.idx=5 B.first3=(3.6,1.8,0.1);(3.6,1.8,1.1);(3.6,3.0,1.1) intersects=false edge=none cmpPath=0
04-28 00:10:15.098 W/System.err( 6075): DepthSortDiag pair: A.idx=21 A.first3=(1.8,0.0,0.1);(1.8,0.0,1.1);(1.8,1.2,1.1) B.idx=5 B.first3=(3.6,1.8,0.1);(3.6,1.8,1.1);(3.6,3.0,1.1) intersects=false edge=none cmpPath=0
04-28 00:10:15.098 W/System.err( 6075): DepthSortDiag pair: A.idx=25 A.first3=(1.8,0.0,1.1);(3.0,0.0,1.1);(3.0,1.2,1.1) B.idx=5 B.first3=(3.6,1.8,0.1);(3.6,1.8,1.1);(3.6,3.0,1.1) intersects=true edge=i->j cmpPath=-1
04-28 00:10:15.098 W/System.err( 6075): DepthSortDiag pair: A.idx=29 A.first3=(0.0,0.0,1.1);(1.2,0.0,1.1);(1.2,1.2,1.1) B.idx=5 B.first3=(3.6,1.8,0.1);(3.6,1.8,1.1);(3.6,3.0,1.1) intersects=false edge=none cmpPath=0
04-28 00:10:15.098 W/System.err( 6075): DepthSortDiag pair: A.idx=21 A.first3=(1.8,0.0,0.1);(1.8,0.0,1.1);(1.8,1.2,1.1) B.idx=11 B.first3=(3.6,0.0,0.1);(3.6,0.0,1.1);(3.6,1.2,1.1) intersects=false edge=none cmpPath=0
04-28 00:10:15.098 W/System.err( 6075): DepthSortDiag pair: A.idx=29 A.first3=(0.0,0.0,1.1);(1.2,0.0,1.1);(1.2,1.2,1.1) B.idx=11 B.first3=(3.6,0.0,0.1);(3.6,0.0,1.1);(3.6,1.2,1.1) intersects=false edge=none cmpPath=0
04-28 00:10:15.098 W/System.err( 6075): DepthSortDiag pair: A.idx=19 A.first3=(-1.0,-1.0,0.0);(7.0,-1.0,0.0);(7.0,-1.0,0.1) B.idx=12 B.first3=(1.8,1.8,0.1);(3.0,1.8,0.1);(3.0,1.8,1.1) intersects=false edge=none cmpPath=0
04-28 00:10:15.099 W/System.err( 6075): DepthSortDiag pair: A.idx=20 A.first3=(1.8,0.0,0.1);(3.0,0.0,0.1);(3.0,0.0,1.1) B.idx=12 B.first3=(1.8,1.8,0.1);(3.0,1.8,0.1);(3.0,1.8,1.1) intersects=false edge=none cmpPath=0
04-28 00:10:15.099 W/System.err( 6075): DepthSortDiag pair: A.idx=21 A.first3=(1.8,0.0,0.1);(1.8,0.0,1.1);(1.8,1.2,1.1) B.idx=12 B.first3=(1.8,1.8,0.1);(3.0,1.8,0.1);(3.0,1.8,1.1) intersects=true edge=i->j cmpPath=-1
04-28 00:10:15.099 W/System.err( 6075): DepthSortDiag pair: A.idx=25 A.first3=(1.8,0.0,1.1);(3.0,0.0,1.1);(3.0,1.2,1.1) B.idx=12 B.first3=(1.8,1.8,0.1);(3.0,1.8,0.1);(3.0,1.8,1.1) intersects=true edge=i->j cmpPath=-1
04-28 00:10:15.099 W/System.err( 6075): DepthSortDiag pair: A.idx=29 A.first3=(0.0,0.0,1.1);(1.2,0.0,1.1);(1.2,1.2,1.1) B.idx=12 B.first3=(1.8,1.8,0.1);(3.0,1.8,0.1);(3.0,1.8,1.1) intersects=true edge=i->j cmpPath=-1
04-28 00:10:15.099 W/System.err( 6075): DepthSortDiag pair: A.idx=21 A.first3=(1.8,0.0,0.1);(1.8,0.0,1.1);(1.8,1.2,1.1) B.idx=16 B.first3=(3.6,0.0,1.1);(4.8,0.0,1.1);(4.8,1.2,1.1) intersects=false edge=none cmpPath=0
04-28 00:10:15.099 W/System.err( 6075): DepthSortDiag pair: A.idx=29 A.first3=(0.0,0.0,1.1);(1.2,0.0,1.1);(1.2,1.2,1.1) B.idx=16 B.first3=(3.6,0.0,1.1);(4.8,0.0,1.1);(4.8,1.2,1.1) intersects=false edge=none cmpPath=0
04-28 00:10:15.099 W/System.err( 6075): DepthSortDiag pair: A.idx=19 A.first3=(-1.0,-1.0,0.0);(7.0,-1.0,0.0);(7.0,-1.0,0.1) B.idx=17 B.first3=(1.8,1.8,1.1);(3.0,1.8,1.1);(3.0,3.0,1.1) intersects=false edge=none cmpPath=0
04-28 00:10:15.100 W/System.err( 6075): DepthSortDiag pair: A.idx=20 A.first3=(1.8,0.0,0.1);(3.0,0.0,0.1);(3.0,0.0,1.1) B.idx=17 B.first3=(1.8,1.8,1.1);(3.0,1.8,1.1);(3.0,3.0,1.1) intersects=false edge=none cmpPath=0
04-28 00:10:15.100 W/System.err( 6075): DepthSortDiag pair: A.idx=21 A.first3=(1.8,0.0,0.1);(1.8,0.0,1.1);(1.8,1.2,1.1) B.idx=17 B.first3=(1.8,1.8,1.1);(3.0,1.8,1.1);(3.0,3.0,1.1) intersects=false edge=none cmpPath=0
04-28 00:10:15.100 W/System.err( 6075): DepthSortDiag pair: A.idx=25 A.first3=(1.8,0.0,1.1);(3.0,0.0,1.1);(3.0,1.2,1.1) B.idx=17 B.first3=(1.8,1.8,1.1);(3.0,1.8,1.1);(3.0,3.0,1.1) intersects=false edge=none cmpPath=0
04-28 00:10:15.100 W/System.err( 6075): DepthSortDiag pair: A.idx=29 A.first3=(0.0,0.0,1.1);(1.2,0.0,1.1);(1.2,1.2,1.1) B.idx=17 B.first3=(1.8,1.8,1.1);(3.0,1.8,1.1);(3.0,3.0,1.1) intersects=false edge=none cmpPath=0
04-28 00:10:15.100 W/System.err( 6075): DepthSortDiag pair: A.idx=21 A.first3=(1.8,0.0,0.1);(1.8,0.0,1.1);(1.8,1.2,1.1) B.idx=19 B.first3=(-1.0,-1.0,0.0);(7.0,-1.0,0.0);(7.0,-1.0,0.1) intersects=false edge=none cmpPath=0
04-28 00:10:15.100 W/System.err( 6075): DepthSortDiag pair: A.idx=29 A.first3=(0.0,0.0,1.1);(1.2,0.0,1.1);(1.2,1.2,1.1) B.idx=19 B.first3=(-1.0,-1.0,0.0);(7.0,-1.0,0.0);(7.0,-1.0,0.1) intersects=false edge=none cmpPath=0
04-28 00:10:15.100 W/System.err( 6075): DepthSortDiag pair: A.idx=21 A.first3=(1.8,0.0,0.1);(1.8,0.0,1.1);(1.8,1.2,1.1) B.idx=20 B.first3=(1.8,0.0,0.1);(3.0,0.0,0.1);(3.0,0.0,1.1) intersects=false edge=none cmpPath=0
04-28 00:10:15.100 W/System.err( 6075): DepthSortDiag pair: A.idx=29 A.first3=(0.0,0.0,1.1);(1.2,0.0,1.1);(1.2,1.2,1.1) B.idx=20 B.first3=(1.8,0.0,0.1);(3.0,0.0,0.1);(3.0,0.0,1.1) intersects=false edge=none cmpPath=0
04-28 00:10:15.100 W/System.err( 6075): DepthSortDiag pair: A.idx=25 A.first3=(1.8,0.0,1.1);(3.0,0.0,1.1);(3.0,1.2,1.1) B.idx=21 B.first3=(1.8,0.0,0.1);(1.8,0.0,1.1);(1.8,1.2,1.1) intersects=false edge=none cmpPath=0
04-28 00:10:15.100 W/System.err( 6075): DepthSortDiag pair: A.idx=29 A.first3=(0.0,0.0,1.1);(1.2,0.0,1.1);(1.2,1.2,1.1) B.idx=21 B.first3=(1.8,0.0,0.1);(1.8,0.0,1.1);(1.8,1.2,1.1) intersects=true edge=i->j cmpPath=-1
04-28 00:10:15.100 W/System.err( 6075): DepthSortDiag pair: A.idx=29 A.first3=(0.0,0.0,1.1);(1.2,0.0,1.1);(1.2,1.2,1.1) B.idx=25 B.first3=(1.8,0.0,1.1);(3.0,0.0,1.1);(3.0,1.2,1.1) intersects=false edge=none cmpPath=0
04-28 00:10:15.101 W/System.err( 6075): DepthSortDiag pair: A.idx=6 A.first3=(1.8,3.6,0.1);(3.0,3.6,0.1);(3.0,3.6,1.1) B.idx=1 B.first3=(3.6,3.6,0.1);(3.6,3.6,1.1);(3.6,4.8,1.1) intersects=true edge=i->j cmpPath=-1
04-28 00:10:15.101 W/System.err( 6075): DepthSortDiag pair: A.idx=7 A.first3=(1.8,3.6,0.1);(1.8,3.6,1.1);(1.8,4.8,1.1) B.idx=1 B.first3=(3.6,3.6,0.1);(3.6,3.6,1.1);(3.6,4.8,1.1) intersects=false edge=none cmpPath=0
04-28 00:10:15.101 W/System.err( 6075): DepthSortDiag pair: A.idx=13 A.first3=(1.8,1.8,0.1);(1.8,1.8,1.1);(1.8,3.0,1.1) B.idx=1 B.first3=(3.6,3.6,0.1);(3.6,3.6,1.1);(3.6,4.8,1.1) intersects=false edge=none cmpPath=0
04-28 00:10:15.102 W/System.err( 6075): DepthSortDiag pair: A.idx=17 A.first3=(1.8,1.8,1.1);(3.0,1.8,1.1);(3.0,3.0,1.1) B.idx=1 B.first3=(3.6,3.6,0.1);(3.6,3.6,1.1);(3.6,4.8,1.1) intersects=true edge=i->j cmpPath=-1
04-28 00:10:15.102 W/System.err( 6075): DepthSortDiag pair: A.idx=6 A.first3=(1.8,3.6,0.1);(3.0,3.6,0.1);(3.0,3.6,1.1) B.idx=2 B.first3=(3.6,3.6,1.1);(4.8,3.6,1.1);(4.8,4.8,1.1) intersects=false edge=none cmpPath=0
04-28 00:10:15.102 W/System.err( 6075): DepthSortDiag pair: A.idx=7 A.first3=(1.8,3.6,0.1);(1.8,3.6,1.1);(1.8,4.8,1.1) B.idx=2 B.first3=(3.6,3.6,1.1);(4.8,3.6,1.1);(4.8,4.8,1.1) intersects=false edge=none cmpPath=0
04-28 00:10:15.102 W/System.err( 6075): DepthSortDiag pair: A.idx=13 A.first3=(1.8,1.8,0.1);(1.8,1.8,1.1);(1.8,3.0,1.1) B.idx=2 B.first3=(3.6,3.6,1.1);(4.8,3.6,1.1);(4.8,4.8,1.1) intersects=false edge=none cmpPath=0
04-28 00:10:15.102 W/System.err( 6075): DepthSortDiag pair: A.idx=6 A.first3=(1.8,3.6,0.1);(3.0,3.6,0.1);(3.0,3.6,1.1) B.idx=3 B.first3=(-1.0,-1.0,0.1);(7.0,-1.0,0.1);(7.0,5.0,0.1) intersects=true edge=none cmpPath=0
04-28 00:10:15.102 W/System.err( 6075): DepthSortDiag pair: A.idx=7 A.first3=(1.8,3.6,0.1);(1.8,3.6,1.1);(1.8,4.8,1.1) B.idx=3 B.first3=(-1.0,-1.0,0.1);(7.0,-1.0,0.1);(7.0,5.0,0.1) intersects=true edge=none cmpPath=0
04-28 00:10:15.102 W/System.err( 6075): DepthSortDiag pair: A.idx=13 A.first3=(1.8,1.8,0.1);(1.8,1.8,1.1);(1.8,3.0,1.1) B.idx=3 B.first3=(-1.0,-1.0,0.1);(7.0,-1.0,0.1);(7.0,5.0,0.1) intersects=true edge=none cmpPath=0
04-28 00:10:15.103 W/System.err( 6075): DepthSortDiag pair: A.idx=7 A.first3=(1.8,3.6,0.1);(1.8,3.6,1.1);(1.8,4.8,1.1) B.idx=6 B.first3=(1.8,3.6,0.1);(3.0,3.6,0.1);(3.0,3.6,1.1) intersects=false edge=none cmpPath=0
04-28 00:10:15.103 W/System.err( 6075): DepthSortDiag pair: A.idx=9 A.first3=(1.8,3.6,1.1);(3.0,3.6,1.1);(3.0,4.8,1.1) B.idx=6 B.first3=(1.8,3.6,0.1);(3.0,3.6,0.1);(3.0,3.6,1.1) intersects=false edge=none cmpPath=0
04-28 00:10:15.103 W/System.err( 6075): DepthSortDiag pair: A.idx=13 A.first3=(1.8,1.8,0.1);(1.8,1.8,1.1);(1.8,3.0,1.1) B.idx=6 B.first3=(1.8,3.6,0.1);(3.0,3.6,0.1);(3.0,3.6,1.1) intersects=true edge=i->j cmpPath=-1
04-28 00:10:15.103 W/System.err( 6075): DepthSortDiag pair: A.idx=17 A.first3=(1.8,1.8,1.1);(3.0,1.8,1.1);(3.0,3.0,1.1) B.idx=6 B.first3=(1.8,3.6,0.1);(3.0,3.6,0.1);(3.0,3.6,1.1) intersects=true edge=i->j cmpPath=-1
04-28 00:10:15.103 W/System.err( 6075): DepthSortDiag pair: A.idx=9 A.first3=(1.8,3.6,1.1);(3.0,3.6,1.1);(3.0,4.8,1.1) B.idx=7 B.first3=(1.8,3.6,0.1);(1.8,3.6,1.1);(1.8,4.8,1.1) intersects=false edge=none cmpPath=0
04-28 00:10:15.103 W/System.err( 6075): DepthSortDiag pair: A.idx=13 A.first3=(1.8,1.8,0.1);(1.8,1.8,1.1);(1.8,3.0,1.1) B.idx=7 B.first3=(1.8,3.6,0.1);(1.8,3.6,1.1);(1.8,4.8,1.1) intersects=false edge=none cmpPath=0
04-28 00:10:15.103 W/System.err( 6075): DepthSortDiag pair: A.idx=17 A.first3=(1.8,1.8,1.1);(3.0,1.8,1.1);(3.0,3.0,1.1) B.idx=7 B.first3=(1.8,3.6,0.1);(1.8,3.6,1.1);(1.8,4.8,1.1) intersects=false edge=none cmpPath=0
04-28 00:10:15.103 W/System.err( 6075): DepthSortDiag pair: A.idx=13 A.first3=(1.8,1.8,0.1);(1.8,1.8,1.1);(1.8,3.0,1.1) B.idx=9 B.first3=(1.8,3.6,1.1);(3.0,3.6,1.1);(3.0,4.8,1.1) intersects=false edge=none cmpPath=0
04-28 00:10:15.103 W/System.err( 6075): DepthSortDiag pair: A.idx=17 A.first3=(1.8,1.8,1.1);(3.0,1.8,1.1);(3.0,3.0,1.1) B.idx=9 B.first3=(1.8,3.6,1.1);(3.0,3.6,1.1);(3.0,4.8,1.1) intersects=false edge=none cmpPath=0
04-28 00:10:15.104 W/System.err( 6075): DepthSortDiag pair: A.idx=17 A.first3=(1.8,1.8,1.1);(3.0,1.8,1.1);(3.0,3.0,1.1) B.idx=13 B.first3=(1.8,1.8,0.1);(1.8,1.8,1.1);(1.8,3.0,1.1) intersects=false edge=none cmpPath=0
04-28 00:10:15.104 W/System.err( 6075): DepthSortDiag pair: A.idx=22 A.first3=(0.0,1.8,0.1);(1.2,1.8,0.1);(1.2,1.8,1.1) B.idx=3 B.first3=(-1.0,-1.0,0.1);(7.0,-1.0,0.1);(7.0,5.0,0.1) intersects=true edge=none cmpPath=0
04-28 00:10:15.104 W/System.err( 6075): DepthSortDiag pair: A.idx=24 A.first3=(-1.0,-1.0,0.0);(-1.0,-1.0,0.1);(-1.0,5.0,0.1) B.idx=3 B.first3=(-1.0,-1.0,0.1);(7.0,-1.0,0.1);(7.0,5.0,0.1) intersects=false edge=none cmpPath=0
04-28 00:10:15.104 W/System.err( 6075): DepthSortDiag pair: A.idx=26 A.first3=(0.0,1.8,1.1);(1.2,1.8,1.1);(1.2,3.0,1.1) B.idx=3 B.first3=(-1.0,-1.0,0.1);(7.0,-1.0,0.1);(7.0,5.0,0.1) intersects=true edge=i->j cmpPath=-1
04-28 00:10:15.104 W/System.err( 6075): DepthSortDiag pair: A.idx=6 A.first3=(1.8,3.6,0.1);(3.0,3.6,0.1);(3.0,3.6,1.1) B.idx=5 B.first3=(3.6,1.8,0.1);(3.6,1.8,1.1);(3.6,3.0,1.1) intersects=false edge=none cmpPath=0
04-28 00:10:15.104 W/System.err( 6075): DepthSortDiag pair: A.idx=13 A.first3=(1.8,1.8,0.1);(1.8,1.8,1.1);(1.8,3.0,1.1) B.idx=5 B.first3=(3.6,1.8,0.1);(3.6,1.8,1.1);(3.6,3.0,1.1) intersects=false edge=none cmpPath=0
04-28 00:10:15.104 W/System.err( 6075): DepthSortDiag pair: A.idx=22 A.first3=(0.0,1.8,0.1);(1.2,1.8,0.1);(1.2,1.8,1.1) B.idx=5 B.first3=(3.6,1.8,0.1);(3.6,1.8,1.1);(3.6,3.0,1.1) intersects=false edge=none cmpPath=0
04-28 00:10:15.104 W/System.err( 6075): DepthSortDiag pair: A.idx=24 A.first3=(-1.0,-1.0,0.0);(-1.0,-1.0,0.1);(-1.0,5.0,0.1) B.idx=5 B.first3=(3.6,1.8,0.1);(3.6,1.8,1.1);(3.6,3.0,1.1) intersects=false edge=none cmpPath=0
04-28 00:10:15.105 W/System.err( 6075): DepthSortDiag pair: A.idx=26 A.first3=(0.0,1.8,1.1);(1.2,1.8,1.1);(1.2,3.0,1.1) B.idx=5 B.first3=(3.6,1.8,0.1);(3.6,1.8,1.1);(3.6,3.0,1.1) intersects=false edge=none cmpPath=0
04-28 00:10:15.105 W/System.err( 6075): DepthSortDiag pair: A.idx=12 A.first3=(1.8,1.8,0.1);(3.0,1.8,0.1);(3.0,1.8,1.1) B.idx=6 B.first3=(1.8,3.6,0.1);(3.0,3.6,0.1);(3.0,3.6,1.1) intersects=false edge=none cmpPath=0
04-28 00:10:15.105 W/System.err( 6075): DepthSortDiag pair: A.idx=19 A.first3=(-1.0,-1.0,0.0);(7.0,-1.0,0.0);(7.0,-1.0,0.1) B.idx=6 B.first3=(1.8,3.6,0.1);(3.0,3.6,0.1);(3.0,3.6,1.1) intersects=false edge=none cmpPath=0
04-28 00:10:15.105 W/System.err( 6075): DepthSortDiag pair: A.idx=21 A.first3=(1.8,0.0,0.1);(1.8,0.0,1.1);(1.8,1.2,1.1) B.idx=6 B.first3=(1.8,3.6,0.1);(3.0,3.6,0.1);(3.0,3.6,1.1) intersects=false edge=none cmpPath=0
04-28 00:10:15.105 W/System.err( 6075): DepthSortDiag pair: A.idx=22 A.first3=(0.0,1.8,0.1);(1.2,1.8,0.1);(1.2,1.8,1.1) B.idx=6 B.first3=(1.8,3.6,0.1);(3.0,3.6,0.1);(3.0,3.6,1.1) intersects=false edge=none cmpPath=0
04-28 00:10:15.105 W/System.err( 6075): DepthSortDiag pair: A.idx=24 A.first3=(-1.0,-1.0,0.0);(-1.0,-1.0,0.1);(-1.0,5.0,0.1) B.idx=6 B.first3=(1.8,3.6,0.1);(3.0,3.6,0.1);(3.0,3.6,1.1) intersects=false edge=none cmpPath=0
04-28 00:10:15.105 W/System.err( 6075): DepthSortDiag pair: A.idx=25 A.first3=(1.8,0.0,1.1);(3.0,0.0,1.1);(3.0,1.2,1.1) B.idx=6 B.first3=(1.8,3.6,0.1);(3.0,3.6,0.1);(3.0,3.6,1.1) intersects=false edge=none cmpPath=0
04-28 00:10:15.105 W/System.err( 6075): DepthSortDiag pair: A.idx=26 A.first3=(0.0,1.8,1.1);(1.2,1.8,1.1);(1.2,3.0,1.1) B.idx=6 B.first3=(1.8,3.6,0.1);(3.0,3.6,0.1);(3.0,3.6,1.1) intersects=true edge=i->j cmpPath=-1
04-28 00:10:15.105 W/System.err( 6075): DepthSortDiag pair: A.idx=29 A.first3=(0.0,0.0,1.1);(1.2,0.0,1.1);(1.2,1.2,1.1) B.idx=6 B.first3=(1.8,3.6,0.1);(3.0,3.6,0.1);(3.0,3.6,1.1) intersects=false edge=none cmpPath=0
04-28 00:10:15.106 W/System.err( 6075): DepthSortDiag pair: A.idx=13 A.first3=(1.8,1.8,0.1);(1.8,1.8,1.1);(1.8,3.0,1.1) B.idx=12 B.first3=(1.8,1.8,0.1);(3.0,1.8,0.1);(3.0,1.8,1.1) intersects=false edge=none cmpPath=0
04-28 00:10:15.106 W/System.err( 6075): DepthSortDiag pair: A.idx=22 A.first3=(0.0,1.8,0.1);(1.2,1.8,0.1);(1.2,1.8,1.1) B.idx=12 B.first3=(1.8,1.8,0.1);(3.0,1.8,0.1);(3.0,1.8,1.1) intersects=false edge=none cmpPath=0
04-28 00:10:15.106 W/System.err( 6075): DepthSortDiag pair: A.idx=24 A.first3=(-1.0,-1.0,0.0);(-1.0,-1.0,0.1);(-1.0,5.0,0.1) B.idx=12 B.first3=(1.8,1.8,0.1);(3.0,1.8,0.1);(3.0,1.8,1.1) intersects=false edge=none cmpPath=0
04-28 00:10:15.106 W/System.err( 6075): DepthSortDiag pair: A.idx=26 A.first3=(0.0,1.8,1.1);(1.2,1.8,1.1);(1.2,3.0,1.1) B.idx=12 B.first3=(1.8,1.8,0.1);(3.0,1.8,0.1);(3.0,1.8,1.1) intersects=false edge=none cmpPath=0
04-28 00:10:15.106 W/System.err( 6075): DepthSortDiag pair: A.idx=19 A.first3=(-1.0,-1.0,0.0);(7.0,-1.0,0.0);(7.0,-1.0,0.1) B.idx=13 B.first3=(1.8,1.8,0.1);(1.8,1.8,1.1);(1.8,3.0,1.1) intersects=false edge=none cmpPath=0
04-28 00:10:15.106 W/System.err( 6075): DepthSortDiag pair: A.idx=21 A.first3=(1.8,0.0,0.1);(1.8,0.0,1.1);(1.8,1.2,1.1) B.idx=13 B.first3=(1.8,1.8,0.1);(1.8,1.8,1.1);(1.8,3.0,1.1) intersects=false edge=none cmpPath=0
04-28 00:10:15.107 W/System.err( 6075): DepthSortDiag pair: A.idx=22 A.first3=(0.0,1.8,0.1);(1.2,1.8,0.1);(1.2,1.8,1.1) B.idx=13 B.first3=(1.8,1.8,0.1);(1.8,1.8,1.1);(1.8,3.0,1.1) intersects=true edge=i->j cmpPath=-1
04-28 00:10:15.107 W/System.err( 6075): DepthSortDiag pair: A.idx=24 A.first3=(-1.0,-1.0,0.0);(-1.0,-1.0,0.1);(-1.0,5.0,0.1) B.idx=13 B.first3=(1.8,1.8,0.1);(1.8,1.8,1.1);(1.8,3.0,1.1) intersects=false edge=none cmpPath=0
04-28 00:10:15.107 W/System.err( 6075): DepthSortDiag pair: A.idx=25 A.first3=(1.8,0.0,1.1);(3.0,0.0,1.1);(3.0,1.2,1.1) B.idx=13 B.first3=(1.8,1.8,0.1);(1.8,1.8,1.1);(1.8,3.0,1.1) intersects=false edge=none cmpPath=0
04-28 00:10:15.107 W/System.err( 6075): DepthSortDiag pair: A.idx=26 A.first3=(0.0,1.8,1.1);(1.2,1.8,1.1);(1.2,3.0,1.1) B.idx=13 B.first3=(1.8,1.8,0.1);(1.8,1.8,1.1);(1.8,3.0,1.1) intersects=true edge=i->j cmpPath=-1
04-28 00:10:15.107 W/System.err( 6075): DepthSortDiag pair: A.idx=29 A.first3=(0.0,0.0,1.1);(1.2,0.0,1.1);(1.2,1.2,1.1) B.idx=13 B.first3=(1.8,1.8,0.1);(1.8,1.8,1.1);(1.8,3.0,1.1) intersects=true edge=i->j cmpPath=-1
04-28 00:10:15.107 W/System.err( 6075): DepthSortDiag pair: A.idx=22 A.first3=(0.0,1.8,0.1);(1.2,1.8,0.1);(1.2,1.8,1.1) B.idx=17 B.first3=(1.8,1.8,1.1);(3.0,1.8,1.1);(3.0,3.0,1.1) intersects=false edge=none cmpPath=0
04-28 00:10:15.107 W/System.err( 6075): DepthSortDiag pair: A.idx=24 A.first3=(-1.0,-1.0,0.0);(-1.0,-1.0,0.1);(-1.0,5.0,0.1) B.idx=17 B.first3=(1.8,1.8,1.1);(3.0,1.8,1.1);(3.0,3.0,1.1) intersects=false edge=none cmpPath=0
04-28 00:10:15.107 W/System.err( 6075): DepthSortDiag pair: A.idx=26 A.first3=(0.0,1.8,1.1);(1.2,1.8,1.1);(1.2,3.0,1.1) B.idx=17 B.first3=(1.8,1.8,1.1);(3.0,1.8,1.1);(3.0,3.0,1.1) intersects=false edge=none cmpPath=0
04-28 00:10:15.107 W/System.err( 6075): DepthSortDiag pair: A.idx=22 A.first3=(0.0,1.8,0.1);(1.2,1.8,0.1);(1.2,1.8,1.1) B.idx=19 B.first3=(-1.0,-1.0,0.0);(7.0,-1.0,0.0);(7.0,-1.0,0.1) intersects=false edge=none cmpPath=0
04-28 00:10:15.107 W/System.err( 6075): DepthSortDiag pair: A.idx=24 A.first3=(-1.0,-1.0,0.0);(-1.0,-1.0,0.1);(-1.0,5.0,0.1) B.idx=19 B.first3=(-1.0,-1.0,0.0);(7.0,-1.0,0.0);(7.0,-1.0,0.1) intersects=false edge=none cmpPath=0
04-28 00:10:15.108 W/System.err( 6075): DepthSortDiag pair: A.idx=26 A.first3=(0.0,1.8,1.1);(1.2,1.8,1.1);(1.2,3.0,1.1) B.idx=19 B.first3=(-1.0,-1.0,0.0);(7.0,-1.0,0.0);(7.0,-1.0,0.1) intersects=false edge=none cmpPath=0
04-28 00:10:15.108 W/System.err( 6075): DepthSortDiag pair: A.idx=22 A.first3=(0.0,1.8,0.1);(1.2,1.8,0.1);(1.2,1.8,1.1) B.idx=21 B.first3=(1.8,0.0,0.1);(1.8,0.0,1.1);(1.8,1.2,1.1) intersects=false edge=none cmpPath=0
04-28 00:10:15.108 W/System.err( 6075): DepthSortDiag pair: A.idx=24 A.first3=(-1.0,-1.0,0.0);(-1.0,-1.0,0.1);(-1.0,5.0,0.1) B.idx=21 B.first3=(1.8,0.0,0.1);(1.8,0.0,1.1);(1.8,1.2,1.1) intersects=false edge=none cmpPath=0
04-28 00:10:15.108 W/System.err( 6075): DepthSortDiag pair: A.idx=26 A.first3=(0.0,1.8,1.1);(1.2,1.8,1.1);(1.2,3.0,1.1) B.idx=21 B.first3=(1.8,0.0,0.1);(1.8,0.0,1.1);(1.8,1.2,1.1) intersects=false edge=none cmpPath=0
04-28 00:10:15.108 W/System.err( 6075): DepthSortDiag pair: A.idx=24 A.first3=(-1.0,-1.0,0.0);(-1.0,-1.0,0.1);(-1.0,5.0,0.1) B.idx=22 B.first3=(0.0,1.8,0.1);(1.2,1.8,0.1);(1.2,1.8,1.1) intersects=false edge=none cmpPath=0
04-28 00:10:15.108 W/System.err( 6075): DepthSortDiag pair: A.idx=25 A.first3=(1.8,0.0,1.1);(3.0,0.0,1.1);(3.0,1.2,1.1) B.idx=22 B.first3=(0.0,1.8,0.1);(1.2,1.8,0.1);(1.2,1.8,1.1) intersects=false edge=none cmpPath=0
04-28 00:10:15.108 W/System.err( 6075): DepthSortDiag pair: A.idx=26 A.first3=(0.0,1.8,1.1);(1.2,1.8,1.1);(1.2,3.0,1.1) B.idx=22 B.first3=(0.0,1.8,0.1);(1.2,1.8,0.1);(1.2,1.8,1.1) intersects=false edge=none cmpPath=0
04-28 00:10:15.108 W/System.err( 6075): DepthSortDiag pair: A.idx=29 A.first3=(0.0,0.0,1.1);(1.2,0.0,1.1);(1.2,1.2,1.1) B.idx=22 B.first3=(0.0,1.8,0.1);(1.2,1.8,0.1);(1.2,1.8,1.1) intersects=true edge=i->j cmpPath=-1
04-28 00:10:15.108 W/System.err( 6075): DepthSortDiag pair: A.idx=25 A.first3=(1.8,0.0,1.1);(3.0,0.0,1.1);(3.0,1.2,1.1) B.idx=24 B.first3=(-1.0,-1.0,0.0);(-1.0,-1.0,0.1);(-1.0,5.0,0.1) intersects=false edge=none cmpPath=0
04-28 00:10:15.109 W/System.err( 6075): DepthSortDiag pair: A.idx=26 A.first3=(0.0,1.8,1.1);(1.2,1.8,1.1);(1.2,3.0,1.1) B.idx=24 B.first3=(-1.0,-1.0,0.0);(-1.0,-1.0,0.1);(-1.0,5.0,0.1) intersects=false edge=none cmpPath=0
04-28 00:10:15.109 W/System.err( 6075): DepthSortDiag pair: A.idx=29 A.first3=(0.0,0.0,1.1);(1.2,0.0,1.1);(1.2,1.2,1.1) B.idx=24 B.first3=(-1.0,-1.0,0.0);(-1.0,-1.0,0.1);(-1.0,5.0,0.1) intersects=false edge=none cmpPath=0
04-28 00:10:15.109 W/System.err( 6075): DepthSortDiag pair: A.idx=26 A.first3=(0.0,1.8,1.1);(1.2,1.8,1.1);(1.2,3.0,1.1) B.idx=25 B.first3=(1.8,0.0,1.1);(3.0,0.0,1.1);(3.0,1.2,1.1) intersects=false edge=none cmpPath=0
04-28 00:10:15.109 W/System.err( 6075): DepthSortDiag pair: A.idx=29 A.first3=(0.0,0.0,1.1);(1.2,0.0,1.1);(1.2,1.2,1.1) B.idx=26 B.first3=(0.0,1.8,1.1);(1.2,1.8,1.1);(1.2,3.0,1.1) intersects=false edge=none cmpPath=0
04-28 00:10:15.110 W/System.err( 6075): DepthSortDiag pair: A.idx=6 A.first3=(1.8,3.6,0.1);(3.0,3.6,0.1);(3.0,3.6,1.1) B.idx=0 B.first3=(3.6,3.6,0.1);(4.8,3.6,0.1);(4.8,3.6,1.1) intersects=false edge=none cmpPath=0
04-28 00:10:15.110 W/System.err( 6075): DepthSortDiag pair: A.idx=13 A.first3=(1.8,1.8,0.1);(1.8,1.8,1.1);(1.8,3.0,1.1) B.idx=0 B.first3=(3.6,3.6,0.1);(4.8,3.6,0.1);(4.8,3.6,1.1) intersects=false edge=none cmpPath=0
04-28 00:10:15.110 W/System.err( 6075): DepthSortDiag pair: A.idx=5 A.first3=(3.6,1.8,0.1);(3.6,1.8,1.1);(3.6,3.0,1.1) B.idx=1 B.first3=(3.6,3.6,0.1);(3.6,3.6,1.1);(3.6,4.8,1.1) intersects=false edge=none cmpPath=0
04-28 00:10:15.110 W/System.err( 6075): DepthSortDiag pair: A.idx=12 A.first3=(1.8,1.8,0.1);(3.0,1.8,0.1);(3.0,1.8,1.1) B.idx=1 B.first3=(3.6,3.6,0.1);(3.6,3.6,1.1);(3.6,4.8,1.1) intersects=false edge=none cmpPath=0
04-28 00:10:15.110 W/System.err( 6075): DepthSortDiag pair: A.idx=9 A.first3=(1.8,3.6,1.1);(3.0,3.6,1.1);(3.0,4.8,1.1) B.idx=5 B.first3=(3.6,1.8,0.1);(3.6,1.8,1.1);(3.6,3.0,1.1) intersects=false edge=none cmpPath=0
04-28 00:10:15.110 W/System.err( 6075): DepthSortDiag pair: A.idx=8 A.first3=(3.6,1.8,1.1);(4.8,1.8,1.1);(4.8,3.0,1.1) B.idx=6 B.first3=(1.8,3.6,0.1);(3.0,3.6,0.1);(3.0,3.6,1.1) intersects=false edge=none cmpPath=0
04-28 00:10:15.110 W/System.err( 6075): DepthSortDiag pair: A.idx=13 A.first3=(1.8,1.8,0.1);(1.8,1.8,1.1);(1.8,3.0,1.1) B.idx=8 B.first3=(3.6,1.8,1.1);(4.8,1.8,1.1);(4.8,3.0,1.1) intersects=false edge=none cmpPath=0
04-28 00:10:15.110 W/System.err( 6075): DepthSortDiag pair: A.idx=12 A.first3=(1.8,1.8,0.1);(3.0,1.8,0.1);(3.0,1.8,1.1) B.idx=9 B.first3=(1.8,3.6,1.1);(3.0,3.6,1.1);(3.0,4.8,1.1) intersects=false edge=none cmpPath=0
04-28 00:10:15.110 W/System.err( 6075): DepthSortDiag pair: A.idx=23 A.first3=(0.0,1.8,0.1);(0.0,1.8,1.1);(0.0,3.0,1.1) B.idx=3 B.first3=(-1.0,-1.0,0.1);(7.0,-1.0,0.1);(7.0,5.0,0.1) intersects=true edge=none cmpPath=0
04-28 00:10:15.110 W/System.err( 6075): DepthSortDiag pair: A.idx=23 A.first3=(0.0,1.8,0.1);(0.0,1.8,1.1);(0.0,3.0,1.1) B.idx=6 B.first3=(1.8,3.6,0.1);(3.0,3.6,0.1);(3.0,3.6,1.1) intersects=false edge=none cmpPath=0
04-28 00:10:15.110 W/System.err( 6075): DepthSortDiag pair: A.idx=22 A.first3=(0.0,1.8,0.1);(1.2,1.8,0.1);(1.2,1.8,1.1) B.idx=7 B.first3=(1.8,3.6,0.1);(1.8,3.6,1.1);(1.8,4.8,1.1) intersects=false edge=none cmpPath=0
04-28 00:10:15.110 W/System.err( 6075): DepthSortDiag pair: A.idx=23 A.first3=(0.0,1.8,0.1);(0.0,1.8,1.1);(0.0,3.0,1.1) B.idx=7 B.first3=(1.8,3.6,0.1);(1.8,3.6,1.1);(1.8,4.8,1.1) intersects=false edge=none cmpPath=0
04-28 00:10:15.111 W/System.err( 6075): DepthSortDiag pair: A.idx=24 A.first3=(-1.0,-1.0,0.0);(-1.0,-1.0,0.1);(-1.0,5.0,0.1) B.idx=7 B.first3=(1.8,3.6,0.1);(1.8,3.6,1.1);(1.8,4.8,1.1) intersects=false edge=none cmpPath=0
04-28 00:10:15.111 W/System.err( 6075): DepthSortDiag pair: A.idx=26 A.first3=(0.0,1.8,1.1);(1.2,1.8,1.1);(1.2,3.0,1.1) B.idx=7 B.first3=(1.8,3.6,0.1);(1.8,3.6,1.1);(1.8,4.8,1.1) intersects=true edge=i->j cmpPath=-1
04-28 00:10:15.111 W/System.err( 6075): DepthSortDiag pair: A.idx=29 A.first3=(0.0,0.0,1.1);(1.2,0.0,1.1);(1.2,1.2,1.1) B.idx=7 B.first3=(1.8,3.6,0.1);(1.8,3.6,1.1);(1.8,4.8,1.1) intersects=false edge=none cmpPath=0
04-28 00:10:15.111 W/System.err( 6075): DepthSortDiag pair: A.idx=23 A.first3=(0.0,1.8,0.1);(0.0,1.8,1.1);(0.0,3.0,1.1) B.idx=13 B.first3=(1.8,1.8,0.1);(1.8,1.8,1.1);(1.8,3.0,1.1) intersects=false edge=none cmpPath=0
04-28 00:10:15.111 W/System.err( 6075): DepthSortDiag pair: A.idx=23 A.first3=(0.0,1.8,0.1);(0.0,1.8,1.1);(0.0,3.0,1.1) B.idx=17 B.first3=(1.8,1.8,1.1);(3.0,1.8,1.1);(3.0,3.0,1.1) intersects=false edge=none cmpPath=0
04-28 00:10:15.111 W/System.err( 6075): DepthSortDiag pair: A.idx=23 A.first3=(0.0,1.8,0.1);(0.0,1.8,1.1);(0.0,3.0,1.1) B.idx=22 B.first3=(0.0,1.8,0.1);(1.2,1.8,0.1);(1.2,1.8,1.1) intersects=false edge=none cmpPath=0
04-28 00:10:15.111 W/System.err( 6075): DepthSortDiag pair: A.idx=24 A.first3=(-1.0,-1.0,0.0);(-1.0,-1.0,0.1);(-1.0,5.0,0.1) B.idx=23 B.first3=(0.0,1.8,0.1);(0.0,1.8,1.1);(0.0,3.0,1.1) intersects=false edge=none cmpPath=0
04-28 00:10:15.111 W/System.err( 6075): DepthSortDiag pair: A.idx=26 A.first3=(0.0,1.8,1.1);(1.2,1.8,1.1);(1.2,3.0,1.1) B.idx=23 B.first3=(0.0,1.8,0.1);(0.0,1.8,1.1);(0.0,3.0,1.1) intersects=true edge=none cmpPath=0
04-28 00:10:15.111 W/System.err( 6075): DepthSortDiag pair: A.idx=29 A.first3=(0.0,0.0,1.1);(1.2,0.0,1.1);(1.2,1.2,1.1) B.idx=23 B.first3=(0.0,1.8,0.1);(0.0,1.8,1.1);(0.0,3.0,1.1) intersects=false edge=none cmpPath=0
04-28 00:10:15.112 W/System.err( 6075): DepthSortDiag pair: A.idx=15 A.first3=(0.0,3.6,0.1);(0.0,3.6,1.1);(0.0,4.8,1.1) B.idx=3 B.first3=(-1.0,-1.0,0.1);(7.0,-1.0,0.1);(7.0,5.0,0.1) intersects=true edge=none cmpPath=0
04-28 00:10:15.112 W/System.err( 6075): DepthSortDiag pair: A.idx=18 A.first3=(0.0,3.6,1.1);(1.2,3.6,1.1);(1.2,4.8,1.1) B.idx=3 B.first3=(-1.0,-1.0,0.1);(7.0,-1.0,0.1);(7.0,5.0,0.1) intersects=true edge=i->j cmpPath=-1
04-28 00:10:15.112 W/System.err( 6075): DepthSortDiag pair: A.idx=18 A.first3=(0.0,3.6,1.1);(1.2,3.6,1.1);(1.2,4.8,1.1) B.idx=15 B.first3=(0.0,3.6,0.1);(0.0,3.6,1.1);(0.0,4.8,1.1) intersects=false edge=none cmpPath=0
04-28 00:10:15.112 W/System.err( 6075): DepthSortDiag pair: A.idx=14 A.first3=(0.0,3.6,0.1);(1.2,3.6,0.1);(1.2,3.6,1.1) B.idx=3 B.first3=(-1.0,-1.0,0.1);(7.0,-1.0,0.1);(7.0,5.0,0.1) intersects=true edge=none cmpPath=0
04-28 00:10:15.112 W/System.err( 6075): DepthSortDiag pair: A.idx=14 A.first3=(0.0,3.6,0.1);(1.2,3.6,0.1);(1.2,3.6,1.1) B.idx=7 B.first3=(1.8,3.6,0.1);(1.8,3.6,1.1);(1.8,4.8,1.1) intersects=true edge=i->j cmpPath=-1
04-28 00:10:15.112 W/System.err( 6075): DepthSortDiag pair: A.idx=15 A.first3=(0.0,3.6,0.1);(0.0,3.6,1.1);(0.0,4.8,1.1) B.idx=7 B.first3=(1.8,3.6,0.1);(1.8,3.6,1.1);(1.8,4.8,1.1) intersects=false edge=none cmpPath=0
04-28 00:10:15.112 W/System.err( 6075): DepthSortDiag pair: A.idx=18 A.first3=(0.0,3.6,1.1);(1.2,3.6,1.1);(1.2,4.8,1.1) B.idx=7 B.first3=(1.8,3.6,0.1);(1.8,3.6,1.1);(1.8,4.8,1.1) intersects=true edge=i->j cmpPath=-1
04-28 00:10:15.112 W/System.err( 6075): DepthSortDiag pair: A.idx=15 A.first3=(0.0,3.6,0.1);(0.0,3.6,1.1);(0.0,4.8,1.1) B.idx=14 B.first3=(0.0,3.6,0.1);(1.2,3.6,0.1);(1.2,3.6,1.1) intersects=false edge=none cmpPath=0
04-28 00:10:15.113 W/System.err( 6075): DepthSortDiag pair: A.idx=18 A.first3=(0.0,3.6,1.1);(1.2,3.6,1.1);(1.2,4.8,1.1) B.idx=14 B.first3=(0.0,3.6,0.1);(1.2,3.6,0.1);(1.2,3.6,1.1) intersects=true edge=none cmpPath=0
04-28 00:10:15.113 W/System.err( 6075): DepthSortDiag pair: A.idx=23 A.first3=(0.0,1.8,0.1);(0.0,1.8,1.1);(0.0,3.0,1.1) B.idx=14 B.first3=(0.0,3.6,0.1);(1.2,3.6,0.1);(1.2,3.6,1.1) intersects=true edge=i->j cmpPath=-1
04-28 00:10:15.113 W/System.err( 6075): DepthSortDiag pair: A.idx=24 A.first3=(-1.0,-1.0,0.0);(-1.0,-1.0,0.1);(-1.0,5.0,0.1) B.idx=14 B.first3=(0.0,3.6,0.1);(1.2,3.6,0.1);(1.2,3.6,1.1) intersects=false edge=none cmpPath=0
04-28 00:10:15.113 W/System.err( 6075): DepthSortDiag pair: A.idx=26 A.first3=(0.0,1.8,1.1);(1.2,1.8,1.1);(1.2,3.0,1.1) B.idx=14 B.first3=(0.0,3.6,0.1);(1.2,3.6,0.1);(1.2,3.6,1.1) intersects=true edge=i->j cmpPath=-1
04-28 00:10:15.114 W/System.err( 6075): DepthSortDiag pair: A.idx=23 A.first3=(0.0,1.8,0.1);(0.0,1.8,1.1);(0.0,3.0,1.1) B.idx=15 B.first3=(0.0,3.6,0.1);(0.0,3.6,1.1);(0.0,4.8,1.1) intersects=false edge=none cmpPath=0
04-28 00:10:15.114 W/System.err( 6075): DepthSortDiag pair: A.idx=24 A.first3=(-1.0,-1.0,0.0);(-1.0,-1.0,0.1);(-1.0,5.0,0.1) B.idx=15 B.first3=(0.0,3.6,0.1);(0.0,3.6,1.1);(0.0,4.8,1.1) intersects=false edge=none cmpPath=0
04-28 00:10:15.114 W/System.err( 6075): DepthSortDiag pair: A.idx=26 A.first3=(0.0,1.8,1.1);(1.2,1.8,1.1);(1.2,3.0,1.1) B.idx=15 B.first3=(0.0,3.6,0.1);(0.0,3.6,1.1);(0.0,4.8,1.1) intersects=false edge=none cmpPath=0
04-28 00:10:15.114 W/System.err( 6075): DepthSortDiag pair: A.idx=23 A.first3=(0.0,1.8,0.1);(0.0,1.8,1.1);(0.0,3.0,1.1) B.idx=18 B.first3=(0.0,3.6,1.1);(1.2,3.6,1.1);(1.2,4.8,1.1) intersects=false edge=none cmpPath=0
04-28 00:10:15.114 W/System.err( 6075): DepthSortDiag pair: A.idx=24 A.first3=(-1.0,-1.0,0.0);(-1.0,-1.0,0.1);(-1.0,5.0,0.1) B.idx=18 B.first3=(0.0,3.6,1.1);(1.2,3.6,1.1);(1.2,4.8,1.1) intersects=false edge=none cmpPath=0
04-28 00:10:15.114 W/System.err( 6075): DepthSortDiag pair: A.idx=26 A.first3=(0.0,1.8,1.1);(1.2,1.8,1.1);(1.2,3.0,1.1) B.idx=18 B.first3=(0.0,3.6,1.1);(1.2,3.6,1.1);(1.2,4.8,1.1) intersects=false edge=none cmpPath=0
04-28 00:10:15.114 W/System.err( 6075): DepthSortDiag pair: A.idx=14 A.first3=(0.0,3.6,0.1);(1.2,3.6,0.1);(1.2,3.6,1.1) B.idx=9 B.first3=(1.8,3.6,1.1);(3.0,3.6,1.1);(3.0,4.8,1.1) intersects=false edge=none cmpPath=0
04-28 00:10:15.114 W/System.err( 6075): DepthSortDiag pair: A.idx=15 A.first3=(0.0,3.6,0.1);(0.0,3.6,1.1);(0.0,4.8,1.1) B.idx=9 B.first3=(1.8,3.6,1.1);(3.0,3.6,1.1);(3.0,4.8,1.1) intersects=false edge=none cmpPath=0
04-28 00:10:15.114 W/System.err( 6075): DepthSortDiag pair: A.idx=18 A.first3=(0.0,3.6,1.1);(1.2,3.6,1.1);(1.2,4.8,1.1) B.idx=9 B.first3=(1.8,3.6,1.1);(3.0,3.6,1.1);(3.0,4.8,1.1) intersects=false edge=none cmpPath=0
04-28 00:10:15.114 W/System.err( 6075): DepthSortDiag pair: A.idx=28 A.first3=(0.0,0.0,0.1);(0.0,0.0,1.1);(0.0,1.2,1.1) B.idx=3 B.first3=(-1.0,-1.0,0.1);(7.0,-1.0,0.1);(7.0,5.0,0.1) intersects=true edge=none cmpPath=0
04-28 00:10:15.114 W/System.err( 6075): DepthSortDiag pair: A.idx=28 A.first3=(0.0,0.0,0.1);(0.0,0.0,1.1);(0.0,1.2,1.1) B.idx=22 B.first3=(0.0,1.8,0.1);(1.2,1.8,0.1);(1.2,1.8,1.1) intersects=true edge=i->j cmpPath=-1
04-28 00:10:15.115 W/System.err( 6075): DepthSortDiag pair: A.idx=28 A.first3=(0.0,0.0,0.1);(0.0,0.0,1.1);(0.0,1.2,1.1) B.idx=23 B.first3=(0.0,1.8,0.1);(0.0,1.8,1.1);(0.0,3.0,1.1) intersects=false edge=none cmpPath=0
04-28 00:10:15.115 W/System.err( 6075): DepthSortDiag pair: A.idx=28 A.first3=(0.0,0.0,0.1);(0.0,0.0,1.1);(0.0,1.2,1.1) B.idx=24 B.first3=(-1.0,-1.0,0.0);(-1.0,-1.0,0.1);(-1.0,5.0,0.1) intersects=false edge=none cmpPath=0
04-28 00:10:15.115 W/System.err( 6075): DepthSortDiag pair: A.idx=29 A.first3=(0.0,0.0,1.1);(1.2,0.0,1.1);(1.2,1.2,1.1) B.idx=28 B.first3=(0.0,0.0,0.1);(0.0,0.0,1.1);(0.0,1.2,1.1) intersects=false edge=none cmpPath=0
04-28 00:10:15.116 W/System.err( 6075): DepthSortDiag pair: A.idx=27 A.first3=(0.0,0.0,0.1);(1.2,0.0,0.1);(1.2,0.0,1.1) B.idx=3 B.first3=(-1.0,-1.0,0.1);(7.0,-1.0,0.1);(7.0,5.0,0.1) intersects=true edge=none cmpPath=0
04-28 00:10:15.116 W/System.err( 6075): DepthSortDiag pair: A.idx=27 A.first3=(0.0,0.0,0.1);(1.2,0.0,0.1);(1.2,0.0,1.1) B.idx=19 B.first3=(-1.0,-1.0,0.0);(7.0,-1.0,0.0);(7.0,-1.0,0.1) intersects=false edge=none cmpPath=0
04-28 00:10:15.116 W/System.err( 6075): DepthSortDiag pair: A.idx=28 A.first3=(0.0,0.0,0.1);(0.0,0.0,1.1);(0.0,1.2,1.1) B.idx=19 B.first3=(-1.0,-1.0,0.0);(7.0,-1.0,0.0);(7.0,-1.0,0.1) intersects=false edge=none cmpPath=0
04-28 00:10:15.116 W/System.err( 6075): DepthSortDiag pair: A.idx=27 A.first3=(0.0,0.0,0.1);(1.2,0.0,0.1);(1.2,0.0,1.1) B.idx=24 B.first3=(-1.0,-1.0,0.0);(-1.0,-1.0,0.1);(-1.0,5.0,0.1) intersects=false edge=none cmpPath=0
04-28 00:10:15.116 W/System.err( 6075): DepthSortDiag pair: A.idx=28 A.first3=(0.0,0.0,0.1);(0.0,0.0,1.1);(0.0,1.2,1.1) B.idx=27 B.first3=(0.0,0.0,0.1);(1.2,0.0,0.1);(1.2,0.0,1.1) intersects=false edge=none cmpPath=0
04-28 00:10:15.116 W/System.err( 6075): DepthSortDiag pair: A.idx=27 A.first3=(0.0,0.0,0.1);(1.2,0.0,0.1);(1.2,0.0,1.1) B.idx=21 B.first3=(1.8,0.0,0.1);(1.8,0.0,1.1);(1.8,1.2,1.1) intersects=true edge=i->j cmpPath=-1
04-28 00:10:15.116 W/System.err( 6075): DepthSortDiag pair: A.idx=28 A.first3=(0.0,0.0,0.1);(0.0,0.0,1.1);(0.0,1.2,1.1) B.idx=21 B.first3=(1.8,0.0,0.1);(1.8,0.0,1.1);(1.8,1.2,1.1) intersects=false edge=none cmpPath=0
04-28 00:10:15.117 W/System.err( 6075): DepthSortDiag pair: A.idx=27 A.first3=(0.0,0.0,0.1);(1.2,0.0,0.1);(1.2,0.0,1.1) B.idx=22 B.first3=(0.0,1.8,0.1);(1.2,1.8,0.1);(1.2,1.8,1.1) intersects=false edge=none cmpPath=0
04-28 00:10:15.117 W/System.err( 6075): DepthSortDiag pair: A.idx=29 A.first3=(0.0,0.0,1.1);(1.2,0.0,1.1);(1.2,1.2,1.1) B.idx=27 B.first3=(0.0,0.0,0.1);(1.2,0.0,0.1);(1.2,0.0,1.1) intersects=false edge=none cmpPath=0
04-28 00:10:15.117 W/System.err( 6075): DepthSortDiag pair: A.idx=27 A.first3=(0.0,0.0,0.1);(1.2,0.0,0.1);(1.2,0.0,1.1) B.idx=20 B.first3=(1.8,0.0,0.1);(3.0,0.0,0.1);(3.0,0.0,1.1) intersects=false edge=none cmpPath=0
04-28 00:10:15.117 W/System.err( 6075): DepthSortDiag ORDER pos=0 depthIdx=0 first3=(3.6,3.6,0.1);(4.8,3.6,0.1);(4.8,3.6,1.1)
04-28 00:10:15.117 W/System.err( 6075): DepthSortDiag ORDER pos=1 depthIdx=1 first3=(3.6,3.6,0.1);(3.6,3.6,1.1);(3.6,4.8,1.1)
04-28 00:10:15.118 W/System.err( 6075): DepthSortDiag ORDER pos=2 depthIdx=3 first3=(-1.0,-1.0,0.1);(7.0,-1.0,0.1);(7.0,5.0,0.1)
04-28 00:10:15.118 W/System.err( 6075): DepthSortDiag ORDER pos=3 depthIdx=4 first3=(3.6,1.8,0.1);(4.8,1.8,0.1);(4.8,1.8,1.1)
04-28 00:10:15.118 W/System.err( 6075): DepthSortDiag ORDER pos=4 depthIdx=7 first3=(1.8,3.6,0.1);(1.8,3.6,1.1);(1.8,4.8,1.1)
04-28 00:10:15.118 W/System.err( 6075): DepthSortDiag ORDER pos=5 depthIdx=10 first3=(3.6,0.0,0.1);(4.8,0.0,0.1);(4.8,0.0,1.1)
04-28 00:10:15.118 W/System.err( 6075): DepthSortDiag ORDER pos=6 depthIdx=15 first3=(0.0,3.6,0.1);(0.0,3.6,1.1);(0.0,4.8,1.1)
04-28 00:10:15.118 W/System.err( 6075): DepthSortDiag ORDER pos=7 depthIdx=19 first3=(-1.0,-1.0,0.0);(7.0,-1.0,0.0);(7.0,-1.0,0.1)
04-28 00:10:15.118 W/System.err( 6075): DepthSortDiag ORDER pos=8 depthIdx=24 first3=(-1.0,-1.0,0.0);(-1.0,-1.0,0.1);(-1.0,5.0,0.1)
04-28 00:10:15.118 W/System.err( 6075): DepthSortDiag ORDER pos=9 depthIdx=5 first3=(3.6,1.8,0.1);(3.6,1.8,1.1);(3.6,3.0,1.1)
04-28 00:10:15.118 W/System.err( 6075): DepthSortDiag ORDER pos=10 depthIdx=6 first3=(1.8,3.6,0.1);(3.0,3.6,0.1);(3.0,3.6,1.1)
04-28 00:10:15.118 W/System.err( 6075): DepthSortDiag ORDER pos=11 depthIdx=2 first3=(3.6,3.6,1.1);(4.8,3.6,1.1);(4.8,4.8,1.1)
04-28 00:10:15.118 W/System.err( 6075): DepthSortDiag ORDER pos=12 depthIdx=8 first3=(3.6,1.8,1.1);(4.8,1.8,1.1);(4.8,3.0,1.1)
04-28 00:10:15.119 W/System.err( 6075): DepthSortDiag ORDER pos=13 depthIdx=9 first3=(1.8,3.6,1.1);(3.0,3.6,1.1);(3.0,4.8,1.1)
04-28 00:10:15.119 W/System.err( 6075): DepthSortDiag ORDER pos=14 depthIdx=11 first3=(3.6,0.0,0.1);(3.6,0.0,1.1);(3.6,1.2,1.1)
04-28 00:10:15.119 W/System.err( 6075): DepthSortDiag ORDER pos=15 depthIdx=16 first3=(3.6,0.0,1.1);(4.8,0.0,1.1);(4.8,1.2,1.1)
04-28 00:10:15.119 W/System.err( 6075): DepthSortDiag ORDER pos=16 depthIdx=14 first3=(0.0,3.6,0.1);(1.2,3.6,0.1);(1.2,3.6,1.1)
04-28 00:10:15.119 W/System.err( 6075): DepthSortDiag ORDER pos=17 depthIdx=18 first3=(0.0,3.6,1.1);(1.2,3.6,1.1);(1.2,4.8,1.1)
04-28 00:10:15.119 W/System.err( 6075): DepthSortDiag ORDER pos=18 depthIdx=12 first3=(1.8,1.8,0.1);(3.0,1.8,0.1);(3.0,1.8,1.1)
04-28 00:10:15.119 W/System.err( 6075): DepthSortDiag ORDER pos=19 depthIdx=13 first3=(1.8,1.8,0.1);(1.8,1.8,1.1);(1.8,3.0,1.1)
04-28 00:10:15.119 W/System.err( 6075): DepthSortDiag ORDER pos=20 depthIdx=17 first3=(1.8,1.8,1.1);(3.0,1.8,1.1);(3.0,3.0,1.1)
04-28 00:10:15.119 W/System.err( 6075): DepthSortDiag ORDER pos=21 depthIdx=20 first3=(1.8,0.0,0.1);(3.0,0.0,0.1);(3.0,0.0,1.1)
04-28 00:10:15.119 W/System.err( 6075): DepthSortDiag ORDER pos=22 depthIdx=23 first3=(0.0,1.8,0.1);(0.0,1.8,1.1);(0.0,3.0,1.1)
04-28 00:10:15.119 W/System.err( 6075): DepthSortDiag ORDER pos=23 depthIdx=21 first3=(1.8,0.0,0.1);(1.8,0.0,1.1);(1.8,1.2,1.1)
04-28 00:10:15.119 W/System.err( 6075): DepthSortDiag ORDER pos=24 depthIdx=25 first3=(1.8,0.0,1.1);(3.0,0.0,1.1);(3.0,1.2,1.1)
04-28 00:10:15.119 W/System.err( 6075): DepthSortDiag ORDER pos=25 depthIdx=22 first3=(0.0,1.8,0.1);(1.2,1.8,0.1);(1.2,1.8,1.1)
04-28 00:10:15.119 W/System.err( 6075): DepthSortDiag ORDER pos=26 depthIdx=26 first3=(0.0,1.8,1.1);(1.2,1.8,1.1);(1.2,3.0,1.1)
04-28 00:10:15.119 W/System.err( 6075): DepthSortDiag ORDER pos=27 depthIdx=27 first3=(0.0,0.0,0.1);(1.2,0.0,0.1);(1.2,0.0,1.1)
04-28 00:10:15.119 W/System.err( 6075): DepthSortDiag ORDER pos=28 depthIdx=28 first3=(0.0,0.0,0.1);(0.0,0.0,1.1);(0.0,1.2,1.1)
04-28 00:10:15.119 W/System.err( 6075): DepthSortDiag ORDER pos=29 depthIdx=29 first3=(0.0,0.0,1.1);(1.2,0.0,1.1);(1.2,1.2,1.1)
04-28 00:10:15.119 W/System.err( 6075): DepthSortDiag FRAME END
